#
# There is insufficient memory for the Java Runtime Environment to continue.
# Native memory allocation (mmap) failed to map 83361792 bytes for committing reserved memory.
# Possible reasons:
#   The system is out of physical RAM or swap space
#   In 32 bit mode, the process size limit was hit
# Possible solutions:
#   Reduce memory load on the system
#   Increase physical memory or swap space
#   Check if swap backing store is full
#   Use 64 bit Java on a 64 bit OS
#   Decrease Java heap size (-Xmx/-Xms)
#   Decrease number of Java threads
#   Decrease Java thread stack sizes (-Xss)
#   Set larger code cache with -XX:ReservedCodeCacheSize=
# This output file may be truncated or incomplete.
#
#  Out of Memory Error (os_linux.cpp:2627), pid=5660, tid=140577304016640
#
# JRE version: Java(TM) SE Runtime Environment (8.0_91-b14) (build 1.8.0_91-b14)
# Java VM: Java HotSpot(TM) 64-Bit Server VM (25.91-b14 mixed mode linux-amd64 compressed oops)
# Failed to write core dump. Core dumps have been disabled. To enable core dumping, try "ulimit -c unlimited" before starting Java again
#

---------------  T H R E A D  ---------------

Current thread (0x00007fdac4075800):  VMThread [stack: 0x00007fdab434f000,0x00007fdab4450000] [id=5691]

Stack: [0x00007fdab434f000,0x00007fdab4450000],  sp=0x00007fdab444e320,  free space=1020k
Native frames: (J=compiled Java code, j=interpreted, Vv=VM code, C=native code)
V  [libjvm.so+0xabc18a]  VMError::report_and_die()+0x2ba
V  [libjvm.so+0x4fafeb]  report_vm_out_of_memory(char const*, int, unsigned long, VMErrorType, char const*)+0x8b
V  [libjvm.so+0x91cbb3]  os::Linux::commit_memory_impl(char*, unsigned long, bool)+0x103
V  [libjvm.so+0x91d109]  os::pd_commit_memory(char*, unsigned long, unsigned long, bool)+0x29
V  [libjvm.so+0x91740a]  os::commit_memory(char*, unsigned long, unsigned long, bool)+0x2a
V  [libjvm.so+0x98b033]  PSVirtualSpace::expand_by(unsigned long)+0x53
V  [libjvm.so+0x98c438]  PSYoungGen::resize_generation(unsigned long, unsigned long)+0xf8
V  [libjvm.so+0x98b592]  PSYoungGen::resize(unsigned long, unsigned long)+0x22
V  [libjvm.so+0x98886b]  PSScavenge::invoke_no_policy()+0xf3b
V  [libjvm.so+0x988ff1]  PSScavenge::invoke()+0x41
V  [libjvm.so+0x9408b0]  ParallelScavengeHeap::failed_mem_allocate(unsigned long)+0x70
V  [libjvm.so+0xabdba7]  VM_ParallelGCFailedAllocation::doit()+0x97
V  [libjvm.so+0xac55d5]  VM_Operation::evaluate()+0x55
V  [libjvm.so+0xac39aa]  VMThread::evaluate_operation(VM_Operation*)+0xba
V  [libjvm.so+0xac3d2e]  VMThread::loop()+0x1ce
V  [libjvm.so+0xac41a0]  VMThread::run()+0x70
V  [libjvm.so+0x91ef78]  java_start(Thread*)+0x108

VM_Operation (0x00007fdaad5b4b30): ParallelGCFailedAllocation, mode: safepoint, requested by thread 0x00007fdac4178000


---------------  P R O C E S S  ---------------

Java Threads: ( => current thread )
  0x00007fdac4178000 JavaThread "pool-2-thread-4" [_thread_blocked, id=5738, stack(0x00007fdaad4b6000,0x00007fdaad5b7000)]
  0x00007fdac4176800 JavaThread "pool-2-thread-3" [_thread_blocked, id=5737, stack(0x00007fdaad5b7000,0x00007fdaad6b8000)]
  0x00007fdac4175800 JavaThread "pool-2-thread-2" [_thread_blocked, id=5736, stack(0x00007fdaad6b8000,0x00007fdaad7b9000)]
  0x00007fdac4172800 JavaThread "pool-3-thread-1" [_thread_blocked, id=5734, stack(0x00007fdaad7b9000,0x00007fdaad8ba000)]
  0x00007fdac4170800 JavaThread "pool-2-thread-1" [_thread_blocked, id=5733, stack(0x00007fdaad8ba000,0x00007fdaad9bb000)]
  0x00007fdac40c2000 JavaThread "Service Thread" daemon [_thread_blocked, id=5709, stack(0x00007fdaadabc000,0x00007fdaadbbd000)]
  0x00007fdac40bf000 JavaThread "C1 CompilerThread2" daemon [_thread_blocked, id=5702, stack(0x00007fdaadbbd000,0x00007fdaadcbe000)]
  0x00007fdac40bd000 JavaThread "C2 CompilerThread1" daemon [_thread_blocked, id=5700, stack(0x00007fdaadcbe000,0x00007fdaaddbf000)]
  0x00007fdac40ba800 JavaThread "C2 CompilerThread0" daemon [_thread_blocked, id=5699, stack(0x00007fdaaddbf000,0x00007fdaadec0000)]
  0x00007fdac40b9000 JavaThread "Signal Dispatcher" daemon [_thread_blocked, id=5698, stack(0x00007fdaadec0000,0x00007fdaadfc1000)]
  0x00007fdac4082000 JavaThread "Finalizer" daemon [_thread_blocked, id=5693, stack(0x00007fdab414d000,0x00007fdab424e000)]
  0x00007fdac407d800 JavaThread "Reference Handler" daemon [_thread_blocked, id=5692, stack(0x00007fdab424e000,0x00007fdab434f000)]
  0x00007fdac4008000 JavaThread "main" [_thread_blocked, id=5667, stack(0x00007fdacc1e7000,0x00007fdacc2e8000)]

Other Threads:
=>0x00007fdac4075800 VMThread [stack: 0x00007fdab434f000,0x00007fdab4450000] [id=5691]
  0x00007fdac40c5000 WatcherThread [stack: 0x00007fdaad9bb000,0x00007fdaadabc000] [id=5716]

VM state:at safepoint (normal execution)

VM Mutex/Monitor currently owned by a thread:  ([mutex/lock_event])
[0x00007fdac4006500] Threads_lock - owner thread: 0x00007fdac4075800
[0x00007fdac4006a00] Heap_lock - owner thread: 0x00007fdac4178000

Heap:
 PSYoungGen      total 136704K, used 19942K [0x00000000eab00000, 0x00000000f4900000, 0x0000000100000000)
  eden space 116736K, 0% used [0x00000000eab00000,0x00000000eab00000,0x00000000f1d00000)
  from space 19968K, 99% used [0x00000000f1d00000,0x00000000f3079ae0,0x00000000f3080000)
  to   space 14848K, 0% used [0x00000000f3080000,0x00000000f3080000,0x00000000f3f00000)
 ParOldGen       total 40960K, used 35914K [0x00000000c0000000, 0x00000000c2800000, 0x00000000eab00000)
  object space 40960K, 87% used [0x00000000c0000000,0x00000000c2312950,0x00000000c2800000)
 Metaspace       used 6341K, capacity 7192K, committed 7424K, reserved 1056768K
  class space    used 613K, capacity 656K, committed 768K, reserved 1048576K

Card table byte_map: [0x00007fdac9619000,0x00007fdac981a000] byte_map_base: 0x00007fdac9019000

Marking Bits: (ParMarkBitMap*) 0x00007fdacb6efd60
 Begin Bits: [0x00007fdaae000000, 0x00007fdaaf000000)
 End Bits:   [0x00007fdaaf000000, 0x00007fdab0000000)

Polling page: 0x00007fdacc319000

CodeCache: size=245760Kb used=6769Kb max_used=6769Kb free=238990Kb
 bounds [0x00007fdab5000000, 0x00007fdab56b0000, 0x00007fdac4000000]
 total_blobs=2141 nmethods=1873 adapters=182
 compilation: enabled

Compilation events (10 events):
Event: 11.923 Thread 0x00007fdac40bf000 nmethod 2318 0x00007fdab569fb10 code [0x00007fdab569fc60, 0x00007fdab569fdd0]
Event: 11.930 Thread 0x00007fdac40bf000 2319       2       com.android.dx.cf.direct.MemberListParser::getEndOffset (9 bytes)
Event: 11.930 Thread 0x00007fdac40bf000 nmethod 2319 0x00007fdab569fe50 code [0x00007fdab569ffc0, 0x00007fdab56a0148]
Event: 11.930 Thread 0x00007fdac40bf000 2320       1       java.util.HashMap$Node::getKey (5 bytes)
Event: 11.930 Thread 0x00007fdac40bf000 nmethod 2320 0x00007fdab56a0210 code [0x00007fdab56a0360, 0x00007fdab56a0470]
Event: 11.931 Thread 0x00007fdac40bf000 2321       2       com.android.dx.cf.direct.DirectClassFile::getMagic0 (9 bytes)
Event: 11.931 Thread 0x00007fdac40bf000 nmethod 2321 0x00007fdab56a04d0 code [0x00007fdab56a0640, 0x00007fdab56a07c8]
Event: 11.931 Thread 0x00007fdac40bf000 2322       2       java.util.TreeMap$Values::size (8 bytes)
Event: 11.931 Thread 0x00007fdac40bf000 nmethod 2322 0x00007fdab56a0890 code [0x00007fdab56a09e0, 0x00007fdab56a0b30]
Event: 11.951 Thread 0x00007fdac40bf000 2323       2       com.android.dx.cf.direct.DirectClassFile::getFields (9 bytes)

GC Heap History (10 events):
Event: 4.144 GC heap after
Heap after GC invocations=4 (full 0):
 PSYoungGen      total 33280K, used 2529K [0x00000000eab00000, 0x00000000ece00000, 0x0000000100000000)
  eden space 30720K, 0% used [0x00000000eab00000,0x00000000eab00000,0x00000000ec900000)
  from space 2560K, 98% used [0x00000000ecb80000,0x00000000ecdf85c0,0x00000000ece00000)
  to   space 2560K, 0% used [0x00000000ec900000,0x00000000ec900000,0x00000000ecb80000)
 ParOldGen       total 40960K, used 7733K [0x00000000c0000000, 0x00000000c2800000, 0x00000000eab00000)
  object space 40960K, 18% used [0x00000000c0000000,0x00000000c078d698,0x00000000c2800000)
 Metaspace       used 5819K, capacity 6832K, committed 7040K, reserved 1056768K
  class space    used 592K, capacity 616K, committed 640K, reserved 1048576K
}
Event: 4.790 GC heap before
{Heap before GC invocations=5 (full 0):
 PSYoungGen      total 33280K, used 33249K [0x00000000eab00000, 0x00000000ece00000, 0x0000000100000000)
  eden space 30720K, 100% used [0x00000000eab00000,0x00000000ec900000,0x00000000ec900000)
  from space 2560K, 98% used [0x00000000ecb80000,0x00000000ecdf85c0,0x00000000ece00000)
  to   space 2560K, 0% used [0x00000000ec900000,0x00000000ec900000,0x00000000ecb80000)
 ParOldGen       total 40960K, used 7733K [0x00000000c0000000, 0x00000000c2800000, 0x00000000eab00000)
  object space 40960K, 18% used [0x00000000c0000000,0x00000000c078d698,0x00000000c2800000)
 Metaspace       used 5851K, capacity 6832K, committed 7040K, reserved 1056768K
  class space    used 593K, capacity 616K, committed 640K, reserved 1048576K
Event: 4.890 GC heap after
Heap after GC invocations=5 (full 0):
 PSYoungGen      total 33280K, used 2529K [0x00000000eab00000, 0x00000000efa00000, 0x0000000100000000)
  eden space 30720K, 0% used [0x00000000eab00000,0x00000000eab00000,0x00000000ec900000)
  from space 2560K, 98% used [0x00000000ec900000,0x00000000ecb785c0,0x00000000ecb80000)
  to   space 9728K, 0% used [0x00000000ef080000,0x00000000ef080000,0x00000000efa00000)
 ParOldGen       total 40960K, used 13213K [0x00000000c0000000, 0x00000000c2800000, 0x00000000eab00000)
  object space 40960K, 32% used [0x00000000c0000000,0x00000000c0ce76a0,0x00000000c2800000)
 Metaspace       used 5851K, capacity 6832K, committed 7040K, reserved 1056768K
  class space    used 593K, capacity 616K, committed 640K, reserved 1048576K
}
Event: 5.344 GC heap before
{Heap before GC invocations=6 (full 0):
 PSYoungGen      total 33280K, used 33249K [0x00000000eab00000, 0x00000000efa00000, 0x0000000100000000)
  eden space 30720K, 100% used [0x00000000eab00000,0x00000000ec900000,0x00000000ec900000)
  from space 2560K, 98% used [0x00000000ec900000,0x00000000ecb785c0,0x00000000ecb80000)
  to   space 9728K, 0% used [0x00000000ef080000,0x00000000ef080000,0x00000000efa00000)
 ParOldGen       total 40960K, used 13213K [0x00000000c0000000, 0x00000000c2800000, 0x00000000eab00000)
  object space 40960K, 32% used [0x00000000c0000000,0x00000000c0ce76a0,0x00000000c2800000)
 Metaspace       used 5895K, capacity 6896K, committed 7040K, reserved 1056768K
  class space    used 593K, capacity 616K, committed 640K, reserved 1048576K
Event: 5.390 GC heap after
Heap after GC invocations=6 (full 0):
 PSYoungGen      total 70656K, used 7489K [0x00000000eab00000, 0x00000000efb00000, 0x0000000100000000)
  eden space 60928K, 0% used [0x00000000eab00000,0x00000000eab00000,0x00000000ee680000)
  from space 9728K, 76% used [0x00000000ef080000,0x00000000ef7d05c0,0x00000000efa00000)
  to   space 10240K, 0% used [0x00000000ee680000,0x00000000ee680000,0x00000000ef080000)
 ParOldGen       total 40960K, used 13221K [0x00000000c0000000, 0x00000000c2800000, 0x00000000eab00000)
  object space 40960K, 32% used [0x00000000c0000000,0x00000000c0ce96a0,0x00000000c2800000)
 Metaspace       used 5895K, capacity 6896K, committed 7040K, reserved 1056768K
  class space    used 593K, capacity 616K, committed 640K, reserved 1048576K
}
Event: 6.674 GC heap before
{Heap before GC invocations=7 (full 0):
 PSYoungGen      total 70656K, used 68417K [0x00000000eab00000, 0x00000000efb00000, 0x0000000100000000)
  eden space 60928K, 100% used [0x00000000eab00000,0x00000000ee680000,0x00000000ee680000)
  from space 9728K, 76% used [0x00000000ef080000,0x00000000ef7d05c0,0x00000000efa00000)
  to   space 10240K, 0% used [0x00000000ee680000,0x00000000ee680000,0x00000000ef080000)
 ParOldGen       total 40960K, used 13221K [0x00000000c0000000, 0x00000000c2800000, 0x00000000eab00000)
  object space 40960K, 32% used [0x00000000c0000000,0x00000000c0ce96a0,0x00000000c2800000)
 Metaspace       used 5979K, capacity 6960K, committed 7040K, reserved 1056768K
  class space    used 593K, capacity 616K, committed 640K, reserved 1048576K
Event: 6.861 GC heap after
Heap after GC invocations=7 (full 0):
 PSYoungGen      total 71168K, used 10209K [0x00000000eab00000, 0x00000000f3f00000, 0x0000000100000000)
  eden space 60928K, 0% used [0x00000000eab00000,0x00000000eab00000,0x00000000ee680000)
  from space 10240K, 99% used [0x00000000ee680000,0x00000000ef078548,0x00000000ef080000)
  to   space 14848K, 0% used [0x00000000f3080000,0x00000000f3080000,0x00000000f3f00000)
 ParOldGen       total 40960K, used 19033K [0x00000000c0000000, 0x00000000c2800000, 0x00000000eab00000)
  object space 40960K, 46% used [0x00000000c0000000,0x00000000c1296590,0x00000000c2800000)
 Metaspace       used 5979K, capacity 6960K, committed 7040K, reserved 1056768K
  class space    used 593K, capacity 616K, committed 640K, reserved 1048576K
}
Event: 8.398 GC heap before
{Heap before GC invocations=8 (full 0):
 PSYoungGen      total 71168K, used 71137K [0x00000000eab00000, 0x00000000f3f00000, 0x0000000100000000)
  eden space 60928K, 100% used [0x00000000eab00000,0x00000000ee680000,0x00000000ee680000)
  from space 10240K, 99% used [0x00000000ee680000,0x00000000ef078548,0x00000000ef080000)
  to   space 14848K, 0% used [0x00000000f3080000,0x00000000f3080000,0x00000000f3f00000)
 ParOldGen       total 40960K, used 19033K [0x00000000c0000000, 0x00000000c2800000, 0x00000000eab00000)
  object space 40960K, 46% used [0x00000000c0000000,0x00000000c1296590,0x00000000c2800000)
 Metaspace       used 6023K, capacity 7024K, committed 7296K, reserved 1056768K
  class space    used 593K, capacity 616K, committed 640K, reserved 1048576K
Event: 8.744 GC heap after
Heap after GC invocations=8 (full 0):
 PSYoungGen      total 131584K, used 14816K [0x00000000eab00000, 0x00000000f4900000, 0x0000000100000000)
  eden space 116736K, 0% used [0x00000000eab00000,0x00000000eab00000,0x00000000f1d00000)
  from space 14848K, 99% used [0x00000000f3080000,0x00000000f3ef8210,0x00000000f3f00000)
  to   space 19968K, 0% used [0x00000000f1d00000,0x00000000f1d00000,0x00000000f3080000)
 ParOldGen       total 40960K, used 24041K [0x00000000c0000000, 0x00000000c2800000, 0x00000000eab00000)
  object space 40960K, 58% used [0x00000000c0000000,0x00000000c177a600,0x00000000c2800000)
 Metaspace       used 6023K, capacity 7024K, committed 7296K, reserved 1056768K
  class space    used 593K, capacity 616K, committed 640K, reserved 1048576K
}
Event: 11.976 GC heap before
{Heap before GC invocations=9 (full 0):
 PSYoungGen      total 131584K, used 131552K [0x00000000eab00000, 0x00000000f4900000, 0x0000000100000000)
  eden space 116736K, 100% used [0x00000000eab00000,0x00000000f1d00000,0x00000000f1d00000)
  from space 14848K, 99% used [0x00000000f3080000,0x00000000f3ef8210,0x00000000f3f00000)
  to   space 19968K, 0% used [0x00000000f1d00000,0x00000000f1d00000,0x00000000f3080000)
 ParOldGen       total 40960K, used 24041K [0x00000000c0000000, 0x00000000c2800000, 0x00000000eab00000)
  object space 40960K, 58% used [0x00000000c0000000,0x00000000c177a600,0x00000000c2800000)
 Metaspace       used 6341K, capacity 7192K, committed 7424K, reserved 1056768K
  class space    used 613K, capacity 656K, committed 768K, reserved 1048576K

Deoptimization events (10 events):
Event: 4.683 Thread 0x00007fdac4170800 Uncommon trap: reason=unstable_if action=reinterpret pc=0x00007fdab5345fa0 method=com.android.dx.ssa.SsaRenamer$BlockRenamer.visitMoveInsn(Lcom/android/dx/ssa/NormalSsaInsn;)V @ 104
Event: 4.707 Thread 0x00007fdac4175800 Uncommon trap: reason=bimorphic action=maybe_recompile pc=0x00007fdab52bf7d4 method=java.util.HashMap.getNode(ILjava/lang/Object;)Ljava/util/HashMap$Node; @ 126
Event: 4.707 Thread 0x00007fdac4175800 Uncommon trap: reason=bimorphic action=maybe_recompile pc=0x00007fdab52bf7d4 method=java.util.HashMap.getNode(ILjava/lang/Object;)Ljava/util/HashMap$Node; @ 126
Event: 4.707 Thread 0x00007fdac4175800 Uncommon trap: reason=bimorphic action=maybe_recompile pc=0x00007fdab52bf7d4 method=java.util.HashMap.getNode(ILjava/lang/Object;)Ljava/util/HashMap$Node; @ 126
Event: 4.707 Thread 0x00007fdac4175800 Uncommon trap: reason=bimorphic action=maybe_recompile pc=0x00007fdab52bf7d4 method=java.util.HashMap.getNode(ILjava/lang/Object;)Ljava/util/HashMap$Node; @ 126
Event: 6.642 Thread 0x00007fdac4178000 Uncommon trap: reason=bimorphic action=maybe_recompile pc=0x00007fdab54d1cfc method=java.util.HashMap.putVal(ILjava/lang/Object;Ljava/lang/Object;ZZ)Ljava/lang/Object; @ 203
Event: 9.820 Thread 0x00007fdac4008000 Uncommon trap: reason=unstable_if action=reinterpret pc=0x00007fdab52875bc method=java.util.HashMap.putVal(ILjava/lang/Object;Ljava/lang/Object;ZZ)Ljava/lang/Object; @ 162
Event: 9.885 Thread 0x00007fdac4008000 Uncommon trap: reason=unstable_if action=reinterpret pc=0x00007fdab53c7474 method=java.util.HashMap.getNode(ILjava/lang/Object;)Ljava/util/HashMap$Node; @ 84
Event: 10.009 Thread 0x00007fdac4178000 Uncommon trap: reason=unstable_if action=reinterpret pc=0x00007fdab559f5e0 method=com.android.dx.ssa.SCCP.simulateStmt(Lcom/android/dx/ssa/SsaInsn;)V @ 53
Event: 11.553 Thread 0x00007fdac4178000 Uncommon trap: reason=unstable_if action=reinterpret pc=0x00007fdab54d1cc0 method=java.util.HashMap.putVal(ILjava/lang/Object;Ljava/lang/Object;ZZ)Ljava/lang/Object; @ 109

Internal exceptions (6 events):
Event: 0.150 Thread 0x00007fdac4008000 Exception <a 'java/lang/NoSuchMethodError': Method sun.misc.Unsafe.defineClass(Ljava/lang/String;[BII)Ljava/lang/Class; name or signature does not match> (0x00000000eab07cc0) thrown at [/HUDSON/workspace/8-2-build-linux-amd64/jdk8u91/6644/hotspot/src/shar
Event: 0.150 Thread 0x00007fdac4008000 Exception <a 'java/lang/NoSuchMethodError': Method sun.misc.Unsafe.prefetchRead(Ljava/lang/Object;J)V name or signature does not match> (0x00000000eab07fa8) thrown at [/HUDSON/workspace/8-2-build-linux-amd64/jdk8u91/6644/hotspot/src/share/vm/prims/jni.cpp
Event: 3.599 Thread 0x00007fdac4008000 Implicit null exception at 0x00007fdab52b0e51 to 0x00007fdab52b4065
Event: 9.853 Thread 0x00007fdac4008000 Exception <a 'java/lang/ArrayIndexOutOfBoundsException': 18> (0x00000000ed3589c8) thrown at [/HUDSON/workspace/8-2-build-linux-amd64/jdk8u91/6644/hotspot/src/share/vm/interpreter/interpreterRuntime.cpp, line 366]
Event: 9.862 Thread 0x00007fdac4008000 Exception <a 'java/lang/ArrayIndexOutOfBoundsException': 145> (0x00000000ed35a548) thrown at [/HUDSON/workspace/8-2-build-linux-amd64/jdk8u91/6644/hotspot/src/share/vm/interpreter/interpreterRuntime.cpp, line 366]
Event: 9.864 Thread 0x00007fdac4008000 Exception <a 'java/lang/ArrayIndexOutOfBoundsException': 40> (0x00000000ed35b830) thrown at [/HUDSON/workspace/8-2-build-linux-amd64/jdk8u91/6644/hotspot/src/share/vm/interpreter/interpreterRuntime.cpp, line 366]

Events (10 events):
Event: 11.560 Thread 0x00007fdac4176800 DEOPT UNPACKING pc=0x00007fdab5047233 sp=0x00007fdaad6b59c0 mode 0
Event: 11.601 Thread 0x00007fdac4008000 DEOPT PACKING pc=0x00007fdab530d54a sp=0x00007fdacc2e5560
Event: 11.601 Thread 0x00007fdac4008000 DEOPT UNPACKING pc=0x00007fdab5047233 sp=0x00007fdacc2e5348 mode 0
Event: 11.696 Thread 0x00007fdac4170800 DEOPT PACKING pc=0x00007fdab52ceb78 sp=0x00007fdaad9b8e60
Event: 11.696 Thread 0x00007fdac4170800 DEOPT UNPACKING pc=0x00007fdab5047233 sp=0x00007fdaad9b8c60 mode 0
Event: 11.862 Thread 0x00007fdac4175800 DEOPT PACKING pc=0x00007fdab52ceb78 sp=0x00007fdaad7b6c40
Event: 11.862 Thread 0x00007fdac4175800 DEOPT UNPACKING pc=0x00007fdab5047233 sp=0x00007fdaad7b6a40 mode 0
Event: 11.871 Thread 0x00007fdac4170800 DEOPT PACKING pc=0x00007fdab5386eec sp=0x00007fdaad9b9050
Event: 11.871 Thread 0x00007fdac4170800 DEOPT UNPACKING pc=0x00007fdab5047233 sp=0x00007fdaad9b8d50 mode 0
Event: 11.951 Executing VM operation: ParallelGCFailedAllocation


Dynamic libraries:
00400000-00401000 r-xp 00000000 08:02 1841977                            /usr/java/jdk1.8.0_91/bin/java
00600000-00601000 rw-p 00000000 08:02 1841977                            /usr/java/jdk1.8.0_91/bin/java
022d2000-022f3000 rw-p 00000000 00:00 0                                  [heap]
c0000000-c2800000 rw-p 00000000 00:00 0 
c2800000-eab00000 ---p 00000000 00:00 0 
eab00000-f4900000 rw-p 00000000 00:00 0 
f9880000-100000000 ---p 00000000 00:00 0 
100000000-1000c0000 rw-p 00000000 00:00 0 
1000c0000-140000000 ---p 00000000 00:00 0 
7fda68000000-7fda6802b000 rw-p 00000000 00:00 0 
7fda6802b000-7fda6c000000 ---p 00000000 00:00 0 
7fda6c000000-7fda6c03c000 rw-p 00000000 00:00 0 
7fda6c03c000-7fda70000000 ---p 00000000 00:00 0 
7fda70000000-7fda70021000 rw-p 00000000 00:00 0 
7fda70021000-7fda74000000 ---p 00000000 00:00 0 
7fda74000000-7fda74028000 rw-p 00000000 00:00 0 
7fda74028000-7fda78000000 ---p 00000000 00:00 0 
7fda78000000-7fda78021000 rw-p 00000000 00:00 0 
7fda78021000-7fda7c000000 ---p 00000000 00:00 0 
7fda7c000000-7fda7c036000 rw-p 00000000 00:00 0 
7fda7c036000-7fda80000000 ---p 00000000 00:00 0 
7fda80000000-7fda809b7000 rw-p 00000000 00:00 0 
7fda809b7000-7fda84000000 ---p 00000000 00:00 0 
7fda84000000-7fda84021000 rw-p 00000000 00:00 0 
7fda84021000-7fda88000000 ---p 00000000 00:00 0 
7fda88000000-7fda88c59000 rw-p 00000000 00:00 0 
7fda88c59000-7fda8c000000 ---p 00000000 00:00 0 
7fda8c000000-7fda8c974000 rw-p 00000000 00:00 0 
7fda8c974000-7fda90000000 ---p 00000000 00:00 0 
7fda90000000-7fda90021000 rw-p 00000000 00:00 0 
7fda90021000-7fda94000000 ---p 00000000 00:00 0 
7fda94000000-7fda94021000 rw-p 00000000 00:00 0 
7fda94021000-7fda98000000 ---p 00000000 00:00 0 
7fda98000000-7fda9828b000 rw-p 00000000 00:00 0 
7fda9828b000-7fda9c000000 ---p 00000000 00:00 0 
7fda9c000000-7fda9c021000 rw-p 00000000 00:00 0 
7fda9c021000-7fdaa0000000 ---p 00000000 00:00 0 
7fdaa0000000-7fdaa0021000 rw-p 00000000 00:00 0 
7fdaa0021000-7fdaa4000000 ---p 00000000 00:00 0 
7fdaa4000000-7fdaa4021000 rw-p 00000000 00:00 0 
7fdaa4021000-7fdaa8000000 ---p 00000000 00:00 0 
7fdaa8000000-7fdaa8021000 rw-p 00000000 00:00 0 
7fdaa8021000-7fdaac000000 ---p 00000000 00:00 0 
7fdaad4b6000-7fdaad4b9000 ---p 00000000 00:00 0 
7fdaad4b9000-7fdaad5b7000 rw-p 00000000 00:00 0                          [stack:5738]
7fdaad5b7000-7fdaad5ba000 ---p 00000000 00:00 0 
7fdaad5ba000-7fdaad6b8000 rw-p 00000000 00:00 0                          [stack:5737]
7fdaad6b8000-7fdaad6bb000 ---p 00000000 00:00 0 
7fdaad6bb000-7fdaad7b9000 rw-p 00000000 00:00 0                          [stack:5736]
7fdaad7b9000-7fdaad7bc000 ---p 00000000 00:00 0 
7fdaad7bc000-7fdaad8ba000 rw-p 00000000 00:00 0                          [stack:5734]
7fdaad8ba000-7fdaad8bd000 ---p 00000000 00:00 0 
7fdaad8bd000-7fdaad9bb000 rw-p 00000000 00:00 0                          [stack:5733]
7fdaad9bb000-7fdaad9bc000 ---p 00000000 00:00 0 
7fdaad9bc000-7fdaadabc000 rw-p 00000000 00:00 0                          [stack:5716]
7fdaadabc000-7fdaadabf000 ---p 00000000 00:00 0 
7fdaadabf000-7fdaadbbd000 rw-p 00000000 00:00 0                          [stack:5709]
7fdaadbbd000-7fdaadbc0000 ---p 00000000 00:00 0 
7fdaadbc0000-7fdaadcbe000 rw-p 00000000 00:00 0                          [stack:5702]
7fdaadcbe000-7fdaadcc1000 ---p 00000000 00:00 0 
7fdaadcc1000-7fdaaddbf000 rw-p 00000000 00:00 0                          [stack:5700]
7fdaaddbf000-7fdaaddc2000 ---p 00000000 00:00 0 
7fdaaddc2000-7fdaadec0000 rw-p 00000000 00:00 0                          [stack:5699]
7fdaadec0000-7fdaadec3000 ---p 00000000 00:00 0 
7fdaadec3000-7fdaadfc1000 rw-p 00000000 00:00 0                          [stack:5698]
7fdaadfc1000-7fdaae000000 r--p 00000000 08:02 3145973                    /usr/lib/locale/en_GB.utf8/LC_CTYPE
7fdaae000000-7fdab0000000 rw-p 00000000 00:00 0 
7fdab0000000-7fdab0021000 rw-p 00000000 00:00 0 
7fdab0021000-7fdab4000000 ---p 00000000 00:00 0 
7fdab401d000-7fdab414d000 r--p 00000000 08:02 3141182                    /usr/lib/locale/en_GB.utf8/LC_COLLATE
7fdab414d000-7fdab4150000 ---p 00000000 00:00 0 
7fdab4150000-7fdab424e000 rw-p 00000000 00:00 0                          [stack:5693]
7fdab424e000-7fdab4251000 ---p 00000000 00:00 0 
7fdab4251000-7fdab434f000 rw-p 00000000 00:00 0                          [stack:5692]
7fdab434f000-7fdab4350000 ---p 00000000 00:00 0 
7fdab4350000-7fdab5000000 rw-p 00000000 00:00 0                          [stack:5691]
7fdab5000000-7fdab56b0000 rwxp 00000000 00:00 0 
7fdab56b0000-7fdac4000000 ---p 00000000 00:00 0 
7fdac4000000-7fdac4399000 rw-p 00000000 00:00 0 
7fdac4399000-7fdac8000000 ---p 00000000 00:00 0 
7fdac8008000-7fdac801e000 r--s 000f1000 08:02 1442343                    /home/len/AndroidStudioProjects/DemosistoNews/app/build/intermediates/exploded-aar/com.android.support/support-v4/23.4.0/jars/classes.jar
7fdac801e000-7fdac8471000 rw-p 00000000 00:00 0 
7fdac8471000-7fdac8649000 r--s 03cd8000 08:02 1842180                    /usr/java/jdk1.8.0_91/jre/lib/rt.jar
7fdac8649000-7fdac8d3f000 rw-p 00000000 00:00 0 
7fdac8d3f000-7fdac8ebf000 ---p 00000000 00:00 0 
7fdac8ebf000-7fdac90bf000 rw-p 00000000 00:00 0 
7fdac90bf000-7fdac90c0000 ---p 00000000 00:00 0 
7fdac90c0000-7fdac91c0000 rw-p 00000000 00:00 0                          [stack:5684]
7fdac91c0000-7fdac91c1000 ---p 00000000 00:00 0 
7fdac91c1000-7fdac92c1000 rw-p 00000000 00:00 0                          [stack:5683]
7fdac92c1000-7fdac92c2000 ---p 00000000 00:00 0 
7fdac92c2000-7fdac93c2000 rw-p 00000000 00:00 0                          [stack:5682]
7fdac93c2000-7fdac93c3000 ---p 00000000 00:00 0 
7fdac93c3000-7fdac94d7000 rw-p 00000000 00:00 0                          [stack:5673]
7fdac94d7000-7fdac9619000 ---p 00000000 00:00 0 
7fdac9619000-7fdac962d000 rw-p 00000000 00:00 0 
7fdac962d000-7fdac976e000 ---p 00000000 00:00 0 
7fdac976e000-7fdac97be000 rw-p 00000000 00:00 0 
7fdac97be000-7fdac9819000 ---p 00000000 00:00 0 
7fdac9819000-7fdac9835000 rw-p 00000000 00:00 0 
7fdac9835000-7fdac9bda000 ---p 00000000 00:00 0 
7fdac9bda000-7fdac9bf4000 r-xp 00000000 08:02 1842162                    /usr/java/jdk1.8.0_91/jre/lib/amd64/libzip.so
7fdac9bf4000-7fdac9df4000 ---p 0001a000 08:02 1842162                    /usr/java/jdk1.8.0_91/jre/lib/amd64/libzip.so
7fdac9df4000-7fdac9df5000 rw-p 0001a000 08:02 1842162                    /usr/java/jdk1.8.0_91/jre/lib/amd64/libzip.so
7fdac9df5000-7fdac9e1f000 r-xp 00000000 08:02 1842126                    /usr/java/jdk1.8.0_91/jre/lib/amd64/libjava.so
7fdac9e1f000-7fdaca01f000 ---p 0002a000 08:02 1842126                    /usr/java/jdk1.8.0_91/jre/lib/amd64/libjava.so
7fdaca01f000-7fdaca021000 rw-p 0002a000 08:02 1842126                    /usr/java/jdk1.8.0_91/jre/lib/amd64/libjava.so
7fdaca021000-7fdaca02e000 r-xp 00000000 08:02 1842161                    /usr/java/jdk1.8.0_91/jre/lib/amd64/libverify.so
7fdaca02e000-7fdaca22e000 ---p 0000d000 08:02 1842161                    /usr/java/jdk1.8.0_91/jre/lib/amd64/libverify.so
7fdaca22e000-7fdaca230000 rw-p 0000d000 08:02 1842161                    /usr/java/jdk1.8.0_91/jre/lib/amd64/libverify.so
7fdaca230000-7fdaca237000 r-xp 00000000 08:02 1569978                    /lib64/librt-2.19.so
7fdaca237000-7fdaca436000 ---p 00007000 08:02 1569978                    /lib64/librt-2.19.so
7fdaca436000-7fdaca437000 r--p 00006000 08:02 1569978                    /lib64/librt-2.19.so
7fdaca437000-7fdaca438000 rw-p 00007000 08:02 1569978                    /lib64/librt-2.19.so
7fdaca438000-7fdaca538000 r-xp 00000000 08:02 1569972                    /lib64/libm-2.19.so
7fdaca538000-7fdaca737000 ---p 00100000 08:02 1569972                    /lib64/libm-2.19.so
7fdaca737000-7fdaca738000 r--p 000ff000 08:02 1569972                    /lib64/libm-2.19.so
7fdaca738000-7fdaca739000 rw-p 00100000 08:02 1569972                    /lib64/libm-2.19.so
7fdaca739000-7fdacb3f9000 r-xp 00000000 08:02 1842166                    /usr/java/jdk1.8.0_91/jre/lib/amd64/server/libjvm.so
7fdacb3f9000-7fdacb5f9000 ---p 00cc0000 08:02 1842166                    /usr/java/jdk1.8.0_91/jre/lib/amd64/server/libjvm.so
7fdacb5f9000-7fdacb6d1000 rw-p 00cc0000 08:02 1842166                    /usr/java/jdk1.8.0_91/jre/lib/amd64/server/libjvm.so
7fdacb6d1000-7fdacb71c000 rw-p 00000000 00:00 0 
7fdacb71c000-7fdacb8ba000 r-xp 00000000 08:02 1569980                    /lib64/libc-2.19.so
7fdacb8ba000-7fdacbaba000 ---p 0019e000 08:02 1569980                    /lib64/libc-2.19.so
7fdacbaba000-7fdacbabe000 r--p 0019e000 08:02 1569980                    /lib64/libc-2.19.so
7fdacbabe000-7fdacbac0000 rw-p 001a2000 08:02 1569980                    /lib64/libc-2.19.so
7fdacbac0000-7fdacbac4000 rw-p 00000000 00:00 0 
7fdacbac4000-7fdacbac7000 r-xp 00000000 08:02 1569940                    /lib64/libdl-2.19.so
7fdacbac7000-7fdacbcc6000 ---p 00003000 08:02 1569940                    /lib64/libdl-2.19.so
7fdacbcc6000-7fdacbcc7000 r--p 00002000 08:02 1569940                    /lib64/libdl-2.19.so
7fdacbcc7000-7fdacbcc8000 rw-p 00003000 08:02 1569940                    /lib64/libdl-2.19.so
7fdacbcc8000-7fdacbcdd000 r-xp 00000000 08:02 1842433                    /usr/java/jdk1.8.0_91/lib/amd64/jli/libjli.so
7fdacbcdd000-7fdacbedd000 ---p 00015000 08:02 1842433                    /usr/java/jdk1.8.0_91/lib/amd64/jli/libjli.so
7fdacbedd000-7fdacbede000 rw-p 00015000 08:02 1842433                    /usr/java/jdk1.8.0_91/lib/amd64/jli/libjli.so
7fdacbede000-7fdacbef6000 r-xp 00000000 08:02 1569982                    /lib64/libpthread-2.19.so
7fdacbef6000-7fdacc0f5000 ---p 00018000 08:02 1569982                    /lib64/libpthread-2.19.so
7fdacc0f5000-7fdacc0f6000 r--p 00017000 08:02 1569982                    /lib64/libpthread-2.19.so
7fdacc0f6000-7fdacc0f7000 rw-p 00018000 08:02 1569982                    /lib64/libpthread-2.19.so
7fdacc0f7000-7fdacc0fb000 rw-p 00000000 00:00 0 
7fdacc0fb000-7fdacc11c000 r-xp 00000000 08:02 1570000                    /lib64/ld-2.19.so
7fdacc11d000-7fdacc11e000 rw-p 00000000 00:00 0 
7fdacc11e000-7fdacc11f000 r--p 00000000 08:02 2105988                    /usr/share/locale/en_GB/LC_MESSAGES/libc.mo
7fdacc11f000-7fdacc12e000 r--s 000df000 08:02 1062088                    /home/len/Android/Sdk/build-tools/23.0.3/lib/dx.jar
7fdacc12e000-7fdacc12f000 r--p 00000000 08:02 3141201                    /usr/lib/locale/en_GB.utf8/LC_NUMERIC
7fdacc12f000-7fdacc1b2000 rw-p 00000000 00:00 0 
7fdacc1b2000-7fdacc1e7000 r--s 00000000 00:13 15601                      /run/nscd/passwd
7fdacc1e7000-7fdacc1ea000 ---p 00000000 00:00 0 
7fdacc1ea000-7fdacc2ec000 rw-p 00000000 00:00 0                          [stack:5667]
7fdacc2ec000-7fdacc2ed000 r--p 00000000 08:02 2895607                    /usr/lib/locale/en_GB.utf8/LC_TIME
7fdacc2ed000-7fdacc2ee000 r--p 00000000 08:02 3141281                    /usr/lib/locale/en_GB.utf8/LC_MONETARY
7fdacc2ee000-7fdacc2ef000 r--p 00000000 08:02 3141210                    /usr/lib/locale/en_GB.utf8/LC_MESSAGES/SYS_LC_MESSAGES
7fdacc2ef000-7fdacc2f0000 r--p 00000000 08:02 3141187                    /usr/lib/locale/en_GB.utf8/LC_PAPER
7fdacc2f0000-7fdacc2f1000 r--p 00000000 08:02 3145980                    /usr/lib/locale/en_GB.utf8/LC_NAME
7fdacc2f1000-7fdacc2f2000 r--p 00000000 08:02 2618545                    /usr/lib/locale/en_GB.utf8/LC_ADDRESS
7fdacc2f2000-7fdacc2f3000 r--p 00000000 08:02 3030935                    /usr/lib/locale/en_GB.utf8/LC_TELEPHONE
7fdacc2f3000-7fdacc2f4000 r--p 00000000 08:02 3145974                    /usr/lib/locale/en_GB.utf8/LC_MEASUREMENT
7fdacc2f4000-7fdacc2fb000 r--s 00000000 08:02 1974448                    /usr/lib64/gconv/gconv-modules.cache
7fdacc2fb000-7fdacc2fc000 r--p 00000000 08:02 2620604                    /usr/lib/locale/en_GB.utf8/LC_IDENTIFICATION
7fdacc2fc000-7fdacc310000 rw-p 00000000 00:00 0 
7fdacc310000-7fdacc318000 rw-s 00000000 08:02 1177928                    /tmp/hsperfdata_len/5660
7fdacc318000-7fdacc319000 rw-p 00000000 00:00 0 
7fdacc319000-7fdacc31a000 ---p 00000000 00:00 0 
7fdacc31a000-7fdacc31b000 rw-p 00000000 00:00 0 
7fdacc31b000-7fdacc31c000 r--p 00020000 08:02 1570000                    /lib64/ld-2.19.so
7fdacc31c000-7fdacc31d000 rw-p 00021000 08:02 1570000                    /lib64/ld-2.19.so
7fdacc31d000-7fdacc31e000 rw-p 00000000 00:00 0 
7fff9923f000-7fff99260000 rw-p 00000000 00:00 0                          [stack]
7fff99368000-7fff9936a000 r--p 00000000 00:00 0                          [vvar]
7fff9936a000-7fff9936c000 r-xp 00000000 00:00 0                          [vdso]
ffffffffff600000-ffffffffff601000 r-xp 00000000 00:00 0                  [vsyscall]

VM Arguments:
jvm_args: -Djava.awt.headless=true -Xmx1024M -Dfile.encoding=UTF-8 -Duser.country=GB -Duser.language=en -Duser.variant 
java_command: com.android.dx.command.Main --dex --force-jumbo --num-threads=4 --multi-dex --output /home/len/AndroidStudioProjects/DemosistoNews/app/build/intermediates/transforms/dex/debug/folders/1000/10/com.android.support-support-v4-23.4.0_645efb1e4f29617f9884114d306712f7a89922d1 /home/len/AndroidStudioProjects/DemosistoNews/app/build/intermediates/exploded-aar/com.android.support/support-v4/23.4.0/jars/classes.jar
java_class_path (initial): /home/len/Android/Sdk/build-tools/23.0.3/lib/dx.jar
Launcher Type: SUN_STANDARD

Environment Variables:
JAVA_HOME=/usr/java/latest
JRE_HOME=/usr/lib64/jvm/jre
PATH=/usr/local/bin:/usr/bin:/bin:/usr/bin/X11:/usr/games
LD_LIBRARY_PATH=/home/len/Developments/Android-Studio/bin:
SHELL=/bin/bash
DISPLAY=:0
HOSTTYPE=x86_64
OSTYPE=linux
MACHTYPE=x86_64-suse-linux

Signal Handlers:
SIGSEGV: [libjvm.so+0xabca10], sa_mask[0]=11111111011111111101111111111110, sa_flags=SA_RESTART|SA_SIGINFO
SIGBUS: [libjvm.so+0xabca10], sa_mask[0]=11111111011111111101111111111110, sa_flags=SA_RESTART|SA_SIGINFO
SIGFPE: [libjvm.so+0x919a20], sa_mask[0]=11111111011111111101111111111110, sa_flags=SA_RESTART|SA_SIGINFO
SIGPIPE: [libjvm.so+0x919a20], sa_mask[0]=11111111011111111101111111111110, sa_flags=SA_RESTART|SA_SIGINFO
SIGXFSZ: [libjvm.so+0x919a20], sa_mask[0]=11111111011111111101111111111110, sa_flags=SA_RESTART|SA_SIGINFO
SIGILL: [libjvm.so+0x919a20], sa_mask[0]=11111111011111111101111111111110, sa_flags=SA_RESTART|SA_SIGINFO
SIGUSR1: SIG_DFL, sa_mask[0]=00000000000000000000000000000000, sa_flags=none
SIGUSR2: [libjvm.so+0x91b050], sa_mask[0]=00100000000000000000000000000000, sa_flags=SA_RESTART|SA_SIGINFO
SIGHUP: [libjvm.so+0x91c450], sa_mask[0]=11111111011111111101111111111110, sa_flags=SA_RESTART|SA_SIGINFO
SIGINT: [libjvm.so+0x91c450], sa_mask[0]=11111111011111111101111111111110, sa_flags=SA_RESTART|SA_SIGINFO
SIGTERM: [libjvm.so+0x91c450], sa_mask[0]=11111111011111111101111111111110, sa_flags=SA_RESTART|SA_SIGINFO
SIGQUIT: [libjvm.so+0x91c450], sa_mask[0]=11111111011111111101111111111110, sa_flags=SA_RESTART|SA_SIGINFO


---------------  S Y S T E M  ---------------

OS:openSUSE 42.1 (x86_64)
VERSION = 42.1
CODENAME = Malachite
# /etc/SuSE-release is deprecated and will be removed in the future, use /etc/os-release instead

uname:Linux 4.1.20-11-default #1 SMP PREEMPT Fri Mar 18 14:42:07 UTC 2016 (0a392b2) x86_64
libc:glibc 2.19 NPTL 2.19 
rlimit: STACK 8192k, CORE 0k, NPROC 14349, NOFILE 4096, AS infinity
load average:4.46 1.94 1.42

/proc/meminfo:
MemTotal:        3927268 kB
MemFree:           32996 kB
MemAvailable:      67480 kB
Buffers:             388 kB
Cached:           191936 kB
SwapCached:            0 kB
Active:          3557900 kB
Inactive:         170820 kB
Active(anon):    3544464 kB
Inactive(anon):   158020 kB
Active(file):      13436 kB
Inactive(file):    12800 kB
Unevictable:          32 kB
Mlocked:              32 kB
SwapTotal:             0 kB
SwapFree:              0 kB
Dirty:                16 kB
Writeback:             0 kB
AnonPages:       3537452 kB
Mapped:            39140 kB
Shmem:            165080 kB
Slab:              80476 kB
SReclaimable:      37516 kB
SUnreclaim:        42960 kB
KernelStack:        9216 kB
PageTables:        37204 kB
NFS_Unstable:          0 kB
Bounce:                0 kB
WritebackTmp:          0 kB
CommitLimit:     1963632 kB
Committed_AS:    5734604 kB
VmallocTotal:   34359738367 kB
VmallocUsed:      548168 kB
VmallocChunk:   34358423548 kB
HardwareCorrupted:     0 kB
AnonHugePages:    806912 kB
HugePages_Total:       0
HugePages_Free:        0
HugePages_Rsvd:        0
HugePages_Surp:        0
Hugepagesize:       2048 kB
DirectMap4k:      148408 kB
DirectMap2M:     3926016 kB


CPU:total 4 (4 cores per cpu, 1 threads per core) family 6 model 55 stepping 8, cmov, cx8, fxsr, mmx, sse, sse2, sse3, ssse3, sse4.1, sse4.2, popcnt, clmul, erms, 3dnowpref, tsc, tscinvbit

/proc/cpuinfo:
processor	: 0
vendor_id	: GenuineIntel
cpu family	: 6
model		: 55
model name	: Intel(R) Pentium(R) CPU  N3540  @ 2.16GHz
stepping	: 8
microcode	: 0x815
cpu MHz		: 2665.541
cache size	: 1024 KB
physical id	: 0
siblings	: 4
core id		: 0
cpu cores	: 4
apicid		: 0
initial apicid	: 0
fpu		: yes
fpu_exception	: yes
cpuid level	: 11
wp		: yes
flags		: fpu vme de pse tsc msr pae mce cx8 apic sep mtrr pge mca cmov pat pse36 clflush dts acpi mmx fxsr sse sse2 ss ht tm pbe syscall nx rdtscp lm constant_tsc arch_perfmon pebs bts rep_good nopl xtopology nonstop_tsc aperfmperf pni pclmulqdq dtes64 monitor ds_cpl vmx est tm2 ssse3 cx16 xtpr pdcm sse4_1 sse4_2 movbe popcnt tsc_deadline_timer rdrand lahf_lm 3dnowprefetch ida arat epb dtherm tpr_shadow vnmi flexpriority ept vpid tsc_adjust smep erms
bugs		:
bogomips	: 4326.40
clflush size	: 64
cache_alignment	: 64
address sizes	: 36 bits physical, 48 bits virtual
power management:

processor	: 1
vendor_id	: GenuineIntel
cpu family	: 6
model		: 55
model name	: Intel(R) Pentium(R) CPU  N3540  @ 2.16GHz
stepping	: 8
microcode	: 0x815
cpu MHz		: 2665.541
cache size	: 1024 KB
physical id	: 0
siblings	: 4
core id		: 1
cpu cores	: 4
apicid		: 2
initial apicid	: 2
fpu		: yes
fpu_exception	: yes
cpuid level	: 11
wp		: yes
flags		: fpu vme de pse tsc msr pae mce cx8 apic sep mtrr pge mca cmov pat pse36 clflush dts acpi mmx fxsr sse sse2 ss ht tm pbe syscall nx rdtscp lm constant_tsc arch_perfmon pebs bts rep_good nopl xtopology nonstop_tsc aperfmperf pni pclmulqdq dtes64 monitor ds_cpl vmx est tm2 ssse3 cx16 xtpr pdcm sse4_1 sse4_2 movbe popcnt tsc_deadline_timer rdrand lahf_lm 3dnowprefetch ida arat epb dtherm tpr_shadow vnmi flexpriority ept vpid tsc_adjust smep erms
bugs		:
bogomips	: 4326.40
clflush size	: 64
cache_alignment	: 64
address sizes	: 36 bits physical, 48 bits virtual
power management:

processor	: 2
vendor_id	: GenuineIntel
cpu family	: 6
model		: 55
model name	: Intel(R) Pentium(R) CPU  N3540  @ 2.16GHz
stepping	: 8
microcode	: 0x815
cpu MHz		: 2665.541
cache size	: 1024 KB
physical id	: 0
siblings	: 4
core id		: 2
cpu cores	: 4
apicid		: 4
initial apicid	: 4
fpu		: yes
fpu_exception	: yes
cpuid level	: 11
wp		: yes
flags		: fpu vme de pse tsc msr pae mce cx8 apic sep mtrr pge mca cmov pat pse36 clflush dts acpi mmx fxsr sse sse2 ss ht tm pbe syscall nx rdtscp lm constant_tsc arch_perfmon pebs bts rep_good nopl xtopology nonstop_tsc aperfmperf pni pclmulqdq dtes64 monitor ds_cpl vmx est tm2 ssse3 cx16 xtpr pdcm sse4_1 sse4_2 movbe popcnt tsc_deadline_timer rdrand lahf_lm 3dnowprefetch ida arat epb dtherm tpr_shadow vnmi flexpriority ept vpid tsc_adjust smep erms
bugs		:
bogomips	: 4326.40
clflush size	: 64
cache_alignment	: 64
address sizes	: 36 bits physical, 48 bits virtual
power management:

processor	: 3
vendor_id	: GenuineIntel
cpu family	: 6
model		: 55
model name	: Intel(R) Pentium(R) CPU  N3540  @ 2.16GHz
stepping	: 8
microcode	: 0x815
cpu MHz		: 2665.541
cache size	: 1024 KB
physical id	: 0
siblings	: 4
core id		: 3
cpu cores	: 4
apicid		: 6
initial apicid	: 6
fpu		: yes
fpu_exception	: yes
cpuid level	: 11
wp		: yes
flags		: fpu vme de pse tsc msr pae mce cx8 apic sep mtrr pge mca cmov pat pse36 clflush dts acpi mmx fxsr sse sse2 ss ht tm pbe syscall nx rdtscp lm constant_tsc arch_perfmon pebs bts rep_good nopl xtopology nonstop_tsc aperfmperf pni pclmulqdq dtes64 monitor ds_cpl vmx est tm2 ssse3 cx16 xtpr pdcm sse4_1 sse4_2 movbe popcnt tsc_deadline_timer rdrand lahf_lm 3dnowprefetch ida arat epb dtherm tpr_shadow vnmi flexpriority ept vpid tsc_adjust smep erms
bugs		:
bogomips	: 4326.40
clflush size	: 64
cache_alignment	: 64
address sizes	: 36 bits physical, 48 bits virtual
power management:



Memory: 4k page, physical 3927268k(32948k free), swap 0k(0k free)

vm_info: Java HotSpot(TM) 64-Bit Server VM (25.91-b14) for linux-amd64 JRE (1.8.0_91-b14), built on Apr  1 2016 00:57:21 by "java_re" with gcc 4.3.0 20080428 (Red Hat 4.3.0-8)

time: Fri May 20 23:01:57 2016
elapsed time: 12 seconds (0d 0h 0m 12s)

