#
# There is insufficient memory for the Java Runtime Environment to continue.
# Native memory allocation (mmap) failed to map 140509184 bytes for committing reserved memory.
# Possible reasons:
#   The system is out of physical RAM or swap space
#   In 32 bit mode, the process size limit was hit
# Possible solutions:
#   Reduce memory load on the system
#   Increase physical memory or swap space
#   Check if swap backing store is full
#   Use 64 bit Java on a 64 bit OS
#   Decrease Java heap size (-Xmx/-Xms)
#   Decrease number of Java threads
#   Decrease Java thread stack sizes (-Xss)
#   Set larger code cache with -XX:ReservedCodeCacheSize=
# This output file may be truncated or incomplete.
#
#  Out of Memory Error (os_linux.cpp:2627), pid=9109, tid=139927285200640
#
# JRE version: Java(TM) SE Runtime Environment (8.0_91-b14) (build 1.8.0_91-b14)
# Java VM: Java HotSpot(TM) 64-Bit Server VM (25.91-b14 mixed mode linux-amd64 compressed oops)
# Failed to write core dump. Core dumps have been disabled. To enable core dumping, try "ulimit -c unlimited" before starting Java again
#

---------------  T H R E A D  ---------------

Current thread (0x00007f4358075800):  VMThread [stack: 0x00007f435c10f000,0x00007f435c210000] [id=9154]

Stack: [0x00007f435c10f000,0x00007f435c210000],  sp=0x00007f435c20e2a0,  free space=1020k
Native frames: (J=compiled Java code, j=interpreted, Vv=VM code, C=native code)
V  [libjvm.so+0xabc18a]  VMError::report_and_die()+0x2ba
V  [libjvm.so+0x4fafeb]  report_vm_out_of_memory(char const*, int, unsigned long, VMErrorType, char const*)+0x8b
V  [libjvm.so+0x91cbb3]  os::Linux::commit_memory_impl(char*, unsigned long, bool)+0x103
V  [libjvm.so+0x91d109]  os::pd_commit_memory(char*, unsigned long, unsigned long, bool)+0x29
V  [libjvm.so+0x91740a]  os::commit_memory(char*, unsigned long, unsigned long, bool)+0x2a
V  [libjvm.so+0x98b033]  PSVirtualSpace::expand_by(unsigned long)+0x53
V  [libjvm.so+0x98c438]  PSYoungGen::resize_generation(unsigned long, unsigned long)+0xf8
V  [libjvm.so+0x98b592]  PSYoungGen::resize(unsigned long, unsigned long)+0x22
V  [libjvm.so+0x98886b]  PSScavenge::invoke_no_policy()+0xf3b
V  [libjvm.so+0x988ff1]  PSScavenge::invoke()+0x41
V  [libjvm.so+0x9408b0]  ParallelScavengeHeap::failed_mem_allocate(unsigned long)+0x70
V  [libjvm.so+0xabdba7]  VM_ParallelGCFailedAllocation::doit()+0x97
V  [libjvm.so+0xac55d5]  VM_Operation::evaluate()+0x55
V  [libjvm.so+0xac39aa]  VMThread::evaluate_operation(VM_Operation*)+0xba
V  [libjvm.so+0xac3d2e]  VMThread::loop()+0x1ce
V  [libjvm.so+0xac41a0]  VMThread::run()+0x70
V  [libjvm.so+0x91ef78]  java_start(Thread*)+0x108

VM_Operation (0x00007f4348484900): ParallelGCFailedAllocation, mode: safepoint, requested by thread 0x00007f4358177800


---------------  P R O C E S S  ---------------

Java Threads: ( => current thread )
  0x00007f4358177800 JavaThread "pool-1-thread-3" [_thread_blocked, id=9202, stack(0x00007f4348386000,0x00007f4348487000)]
  0x00007f4358174800 JavaThread "pool-2-thread-1" [_thread_blocked, id=9200, stack(0x00007f4348588000,0x00007f4348689000)]
  0x00007f43580d4000 JavaThread "Service Thread" daemon [_thread_blocked, id=9185, stack(0x00007f434888b000,0x00007f434898c000)]
  0x00007f43580bf000 JavaThread "C1 CompilerThread2" daemon [_thread_blocked, id=9183, stack(0x00007f434898c000,0x00007f4348a8d000)]
  0x00007f43580bd000 JavaThread "C2 CompilerThread1" daemon [_thread_in_native, id=9182, stack(0x00007f4348a8d000,0x00007f4348b8e000)]
  0x00007f43580ba000 JavaThread "C2 CompilerThread0" daemon [_thread_blocked, id=9177, stack(0x00007f4348b8e000,0x00007f4348c8f000)]
  0x00007f43580b9000 JavaThread "Signal Dispatcher" daemon [_thread_blocked, id=9163, stack(0x00007f4348c8f000,0x00007f4348d90000)]
  0x00007f4358082000 JavaThread "Finalizer" daemon [_thread_blocked, id=9159, stack(0x00007f4348eff000,0x00007f4349000000)]
  0x00007f435807d800 JavaThread "Reference Handler" daemon [_thread_blocked, id=9155, stack(0x00007f435c00e000,0x00007f435c10f000)]
  0x00007f4358008000 JavaThread "main" [_thread_blocked, id=9132, stack(0x00007f4360f89000,0x00007f436108a000)]

Other Threads:
=>0x00007f4358075800 VMThread [stack: 0x00007f435c10f000,0x00007f435c210000] [id=9154]
  0x00007f43580d7000 WatcherThread [stack: 0x00007f434878a000,0x00007f434888b000] [id=9186]

VM state:at safepoint (normal execution)

VM Mutex/Monitor currently owned by a thread:  ([mutex/lock_event])
[0x00007f43580064a0] Threads_lock - owner thread: 0x00007f4358075800
[0x00007f43580069a0] Heap_lock - owner thread: 0x00007f4358177800

Heap:
 PSYoungGen      total 135680K, used 14327K [0x00000000eab00000, 0x00000000f3f00000, 0x0000000100000000)
  eden space 121344K, 0% used [0x00000000eab00000,0x00000000eab00000,0x00000000f2180000)
  from space 14336K, 99% used [0x00000000f2180000,0x00000000f2f7dc58,0x00000000f2f80000)
  to   space 12800K, 0% used [0x00000000f2f80000,0x00000000f2f80000,0x00000000f3c00000)
 ParOldGen       total 40960K, used 34020K [0x00000000c0000000, 0x00000000c2800000, 0x00000000eab00000)
  object space 40960K, 83% used [0x00000000c0000000,0x00000000c2139070,0x00000000c2800000)
 Metaspace       used 6349K, capacity 7192K, committed 7424K, reserved 1056768K
  class space    used 616K, capacity 656K, committed 768K, reserved 1048576K

Card table byte_map: [0x00007f435e3bb000,0x00007f435e5bc000] byte_map_base: 0x00007f435ddbb000

Marking Bits: (ParMarkBitMap*) 0x00007f4360491d60
 Begin Bits: [0x00007f433f000000, 0x00007f4340000000)
 End Bits:   [0x00007f4340000000, 0x00007f4341000000)

Polling page: 0x00007f43610bb000

CodeCache: size=245760Kb used=7318Kb max_used=7318Kb free=238442Kb
 bounds [0x00007f4349000000, 0x00007f4349730000, 0x00007f4358000000]
 total_blobs=2131 nmethods=1863 adapters=182
 compilation: enabled

Compilation events (10 events):
Event: 20.088 Thread 0x00007f43580bf000 2496 %     3       com.android.dx.cf.code.BaseMachine::popArgs @ 21 (127 bytes)
Event: 20.091 Thread 0x00007f43580bf000 nmethod 2496% 0x00007f434971fcd0 code [0x00007f434971ffe0, 0x00007f43497219e8]
Event: 20.169 Thread 0x00007f43580bf000 2497       2       com.android.dx.rop.code.SwitchInsn::<init> (49 bytes)
Event: 20.170 Thread 0x00007f43580bf000 nmethod 2497 0x00007f434971f690 code [0x00007f434971f820, 0x00007f434971fb28]
Event: 20.171 Thread 0x00007f43580bf000 2498       2       java.util.DualPivotQuicksort::sort (614 bytes)
Event: 20.173 Thread 0x00007f43580bf000 nmethod 2498 0x00007f4349724150 code [0x00007f43497243a0, 0x00007f43497250f8]
Event: 20.226 Thread 0x00007f43580bf000 2499       3       com.android.dx.ssa.SCCP::simulateBranch (666 bytes)
Event: 20.233 Thread 0x00007f43580bf000 nmethod 2499 0x00007f43497264d0 code [0x00007f4349726980, 0x00007f434972a478]
Event: 20.233 Thread 0x00007f43580bf000 2500       1       com.android.dx.ssa.LiteralOpUpgrader$1::visitPhiInsn (1 bytes)
Event: 20.234 Thread 0x00007f43580bf000 nmethod 2500 0x00007f4349711e50 code [0x00007f4349711fa0, 0x00007f43497120b0]

GC Heap History (10 events):
Event: 4.101 GC heap after
Heap after GC invocations=2 (full 0):
 PSYoungGen      total 33280K, used 2554K [0x00000000eab00000, 0x00000000ece00000, 0x0000000100000000)
  eden space 30720K, 0% used [0x00000000eab00000,0x00000000eab00000,0x00000000ec900000)
  from space 2560K, 99% used [0x00000000ecb80000,0x00000000ecdfea80,0x00000000ece00000)
  to   space 2560K, 0% used [0x00000000ec900000,0x00000000ec900000,0x00000000ecb80000)
 ParOldGen       total 40960K, used 2737K [0x00000000c0000000, 0x00000000c2800000, 0x00000000eab00000)
  object space 40960K, 6% used [0x00000000c0000000,0x00000000c02ac4f0,0x00000000c2800000)
 Metaspace       used 5790K, capacity 6768K, committed 7040K, reserved 1056768K
  class space    used 593K, capacity 616K, committed 640K, reserved 1048576K
}
Event: 8.856 GC heap before
{Heap before GC invocations=3 (full 0):
 PSYoungGen      total 33280K, used 33274K [0x00000000eab00000, 0x00000000ece00000, 0x0000000100000000)
  eden space 30720K, 100% used [0x00000000eab00000,0x00000000ec900000,0x00000000ec900000)
  from space 2560K, 99% used [0x00000000ecb80000,0x00000000ecdfea80,0x00000000ece00000)
  to   space 2560K, 0% used [0x00000000ec900000,0x00000000ec900000,0x00000000ecb80000)
 ParOldGen       total 40960K, used 2737K [0x00000000c0000000, 0x00000000c2800000, 0x00000000eab00000)
  object space 40960K, 6% used [0x00000000c0000000,0x00000000c02ac4f0,0x00000000c2800000)
 Metaspace       used 5961K, capacity 6960K, committed 7040K, reserved 1056768K
  class space    used 594K, capacity 616K, committed 640K, reserved 1048576K
Event: 8.962 GC heap after
Heap after GC invocations=3 (full 0):
 PSYoungGen      total 33280K, used 2537K [0x00000000eab00000, 0x00000000eec00000, 0x0000000100000000)
  eden space 30720K, 0% used [0x00000000eab00000,0x00000000eab00000,0x00000000ec900000)
  from space 2560K, 99% used [0x00000000ec900000,0x00000000ecb7a468,0x00000000ecb80000)
  to   space 2560K, 0% used [0x00000000ee980000,0x00000000ee980000,0x00000000eec00000)
 ParOldGen       total 40960K, used 7548K [0x00000000c0000000, 0x00000000c2800000, 0x00000000eab00000)
  object space 40960K, 18% used [0x00000000c0000000,0x00000000c075f078,0x00000000c2800000)
 Metaspace       used 5961K, capacity 6960K, committed 7040K, reserved 1056768K
  class space    used 594K, capacity 616K, committed 640K, reserved 1048576K
}
Event: 10.544 GC heap before
{Heap before GC invocations=4 (full 0):
 PSYoungGen      total 33280K, used 33257K [0x00000000eab00000, 0x00000000eec00000, 0x0000000100000000)
  eden space 30720K, 100% used [0x00000000eab00000,0x00000000ec900000,0x00000000ec900000)
  from space 2560K, 99% used [0x00000000ec900000,0x00000000ecb7a468,0x00000000ecb80000)
  to   space 2560K, 0% used [0x00000000ee980000,0x00000000ee980000,0x00000000eec00000)
 ParOldGen       total 40960K, used 7548K [0x00000000c0000000, 0x00000000c2800000, 0x00000000eab00000)
  object space 40960K, 18% used [0x00000000c0000000,0x00000000c075f078,0x00000000c2800000)
 Metaspace       used 5981K, capacity 6960K, committed 7040K, reserved 1056768K
  class space    used 594K, capacity 616K, committed 640K, reserved 1048576K
Event: 10.682 GC heap after
Heap after GC invocations=4 (full 0):
 PSYoungGen      total 64000K, used 2549K [0x00000000eab00000, 0x00000000eec00000, 0x0000000100000000)
  eden space 61440K, 0% used [0x00000000eab00000,0x00000000eab00000,0x00000000ee700000)
  from space 2560K, 99% used [0x00000000ee980000,0x00000000eebfd5a8,0x00000000eec00000)
  to   space 2560K, 0% used [0x00000000ee700000,0x00000000ee700000,0x00000000ee980000)
 ParOldGen       total 40960K, used 12281K [0x00000000c0000000, 0x00000000c2800000, 0x00000000eab00000)
  object space 40960K, 29% used [0x00000000c0000000,0x00000000c0bfe778,0x00000000c2800000)
 Metaspace       used 5981K, capacity 6960K, committed 7040K, reserved 1056768K
  class space    used 594K, capacity 616K, committed 640K, reserved 1048576K
}
Event: 12.794 GC heap before
{Heap before GC invocations=5 (full 0):
 PSYoungGen      total 64000K, used 63989K [0x00000000eab00000, 0x00000000eec00000, 0x0000000100000000)
  eden space 61440K, 100% used [0x00000000eab00000,0x00000000ee700000,0x00000000ee700000)
  from space 2560K, 99% used [0x00000000ee980000,0x00000000eebfd5a8,0x00000000eec00000)
  to   space 2560K, 0% used [0x00000000ee700000,0x00000000ee700000,0x00000000ee980000)
 ParOldGen       total 40960K, used 12281K [0x00000000c0000000, 0x00000000c2800000, 0x00000000eab00000)
  object space 40960K, 29% used [0x00000000c0000000,0x00000000c0bfe778,0x00000000c2800000)
 Metaspace       used 6012K, capacity 6960K, committed 7040K, reserved 1056768K
  class space    used 594K, capacity 616K, committed 640K, reserved 1048576K
Event: 12.938 GC heap after
Heap after GC invocations=5 (full 0):
 PSYoungGen      total 64000K, used 2545K [0x00000000eab00000, 0x00000000f3c00000, 0x0000000100000000)
  eden space 61440K, 0% used [0x00000000eab00000,0x00000000eab00000,0x00000000ee700000)
  from space 2560K, 99% used [0x00000000ee700000,0x00000000ee97c4a0,0x00000000ee980000)
  to   space 12800K, 0% used [0x00000000f2f80000,0x00000000f2f80000,0x00000000f3c00000)
 ParOldGen       total 40960K, used 21471K [0x00000000c0000000, 0x00000000c2800000, 0x00000000eab00000)
  object space 40960K, 52% used [0x00000000c0000000,0x00000000c14f7fe8,0x00000000c2800000)
 Metaspace       used 6012K, capacity 6960K, committed 7040K, reserved 1056768K
  class space    used 594K, capacity 616K, committed 640K, reserved 1048576K
}
Event: 15.020 GC heap before
{Heap before GC invocations=6 (full 0):
 PSYoungGen      total 64000K, used 63985K [0x00000000eab00000, 0x00000000f3c00000, 0x0000000100000000)
  eden space 61440K, 100% used [0x00000000eab00000,0x00000000ee700000,0x00000000ee700000)
  from space 2560K, 99% used [0x00000000ee700000,0x00000000ee97c4a0,0x00000000ee980000)
  to   space 12800K, 0% used [0x00000000f2f80000,0x00000000f2f80000,0x00000000f3c00000)
 ParOldGen       total 40960K, used 21471K [0x00000000c0000000, 0x00000000c2800000, 0x00000000eab00000)
  object space 40960K, 52% used [0x00000000c0000000,0x00000000c14f7fe8,0x00000000c2800000)
 Metaspace       used 6222K, capacity 7128K, committed 7424K, reserved 1056768K
  class space    used 614K, capacity 656K, committed 768K, reserved 1048576K
Event: 15.180 GC heap after
Heap after GC invocations=6 (full 0):
 PSYoungGen      total 134144K, used 11032K [0x00000000eab00000, 0x00000000f3f00000, 0x0000000100000000)
  eden space 121344K, 0% used [0x00000000eab00000,0x00000000eab00000,0x00000000f2180000)
  from space 12800K, 86% used [0x00000000f2f80000,0x00000000f3a46030,0x00000000f3c00000)
  to   space 14336K, 0% used [0x00000000f2180000,0x00000000f2180000,0x00000000f2f80000)
 ParOldGen       total 40960K, used 21471K [0x00000000c0000000, 0x00000000c2800000, 0x00000000eab00000)
  object space 40960K, 52% used [0x00000000c0000000,0x00000000c14f7fe8,0x00000000c2800000)
 Metaspace       used 6222K, capacity 7128K, committed 7424K, reserved 1056768K
  class space    used 614K, capacity 656K, committed 768K, reserved 1048576K
}
Event: 20.250 GC heap before
{Heap before GC invocations=7 (full 0):
 PSYoungGen      total 134144K, used 132376K [0x00000000eab00000, 0x00000000f3f00000, 0x0000000100000000)
  eden space 121344K, 100% used [0x00000000eab00000,0x00000000f2180000,0x00000000f2180000)
  from space 12800K, 86% used [0x00000000f2f80000,0x00000000f3a46030,0x00000000f3c00000)
  to   space 14336K, 0% used [0x00000000f2180000,0x00000000f2180000,0x00000000f2f80000)
 ParOldGen       total 40960K, used 21471K [0x00000000c0000000, 0x00000000c2800000, 0x00000000eab00000)
  object space 40960K, 52% used [0x00000000c0000000,0x00000000c14f7fe8,0x00000000c2800000)
 Metaspace       used 6349K, capacity 7192K, committed 7424K, reserved 1056768K
  class space    used 616K, capacity 656K, committed 768K, reserved 1048576K

Deoptimization events (10 events):
Event: 10.684 Thread 0x00007f4358177800 Uncommon trap: reason=unstable_if action=reinterpret pc=0x00007f434932da84 method=com.android.dx.util.IntList.binarysearch(I)I @ 105
Event: 10.740 Thread 0x00007f4358008000 Uncommon trap: reason=unstable_if action=reinterpret pc=0x00007f434932de3c method=com.android.dx.ssa.SsaMethod.updateOneDefinition(Lcom/android/dx/ssa/SsaInsn;Lcom/android/dx/rop/code/RegisterSpec;)V @ 4
Event: 13.411 Thread 0x00007f4358177800 Uncommon trap: reason=unstable_if action=reinterpret pc=0x00007f434955ef74 method=com.android.dx.ssa.SCCP.simulateStmt(Lcom/android/dx/ssa/SsaInsn;)V @ 53
Event: 13.724 Thread 0x00007f4358179000 Uncommon trap: reason=bimorphic action=maybe_recompile pc=0x00007f43493d9a8c method=java.util.HashMap.putVal(ILjava/lang/Object;Ljava/lang/Object;ZZ)Ljava/lang/Object; @ 203
Event: 13.724 Thread 0x00007f4358179000 Uncommon trap: reason=bimorphic action=maybe_recompile pc=0x00007f43493d9a8c method=java.util.HashMap.putVal(ILjava/lang/Object;Ljava/lang/Object;ZZ)Ljava/lang/Object; @ 203
Event: 13.820 Thread 0x00007f4358179000 Uncommon trap: reason=unstable_if action=reinterpret pc=0x00007f434929dbd8 method=java.util.HashMap.putVal(ILjava/lang/Object;Ljava/lang/Object;ZZ)Ljava/lang/Object; @ 162
Event: 13.986 Thread 0x00007f4358179000 Uncommon trap: reason=unstable_if action=reinterpret pc=0x00007f43492294f8 method=java.util.HashMap.getNode(ILjava/lang/Object;)Ljava/util/HashMap$Node; @ 84
Event: 14.108 Thread 0x00007f4358179000 Uncommon trap: reason=unstable_if action=reinterpret pc=0x00007f43493d9528 method=java.util.HashMap.putVal(ILjava/lang/Object;Ljava/lang/Object;ZZ)Ljava/lang/Object; @ 162
Event: 18.290 Thread 0x00007f4358179000 Uncommon trap: reason=unstable_if action=reinterpret pc=0x00007f4349319cd0 method=com.android.dx.dex.code.OutputFinisher.hasLocalInfo(Lcom/android/dx/dex/code/DalvInsn;)Z @ 24
Event: 18.566 Thread 0x00007f4358179000 Uncommon trap: reason=unstable_if action=reinterpret pc=0x00007f434969d1f4 method=com.android.dx.ssa.SCCP.simulateBranch(Lcom/android/dx/ssa/SsaInsn;)V @ 548

Internal exceptions (5 events):
Event: 0.136 Thread 0x00007f4358008000 Exception <a 'java/lang/NoSuchMethodError': Method sun.misc.Unsafe.defineClass(Ljava/lang/String;[BII)Ljava/lang/Class; name or signature does not match> (0x00000000eab07cc0) thrown at [/HUDSON/workspace/8-2-build-linux-amd64/jdk8u91/6644/hotspot/src/shar
Event: 0.136 Thread 0x00007f4358008000 Exception <a 'java/lang/NoSuchMethodError': Method sun.misc.Unsafe.prefetchRead(Ljava/lang/Object;J)V name or signature does not match> (0x00000000eab07fa8) thrown at [/HUDSON/workspace/8-2-build-linux-amd64/jdk8u91/6644/hotspot/src/share/vm/prims/jni.cpp
Event: 13.840 Thread 0x00007f4358179000 Exception <a 'java/lang/ArrayIndexOutOfBoundsException': 18> (0x00000000ec166258) thrown at [/HUDSON/workspace/8-2-build-linux-amd64/jdk8u91/6644/hotspot/src/share/vm/interpreter/interpreterRuntime.cpp, line 366]
Event: 13.841 Thread 0x00007f4358179000 Exception <a 'java/lang/ArrayIndexOutOfBoundsException': 145> (0x00000000ec167dd8) thrown at [/HUDSON/workspace/8-2-build-linux-amd64/jdk8u91/6644/hotspot/src/share/vm/interpreter/interpreterRuntime.cpp, line 366]
Event: 13.852 Thread 0x00007f4358179000 Exception <a 'java/lang/ArrayIndexOutOfBoundsException': 40> (0x00000000ec1690c0) thrown at [/HUDSON/workspace/8-2-build-linux-amd64/jdk8u91/6644/hotspot/src/share/vm/interpreter/interpreterRuntime.cpp, line 366]

Events (10 events):
Event: 19.490 Thread 0x00007f4358172000 DEOPT PACKING pc=0x00007f43493178e7 sp=0x00007f4348787f40
Event: 19.490 Thread 0x00007f4358172000 DEOPT UNPACKING pc=0x00007f4349047233 sp=0x00007f4348787d28 mode 0
Event: 19.515 Thread 0x00007f4358176000 Thread exited: 0x00007f4358176000
Event: 19.597 Thread 0x00007f4358172000 Thread exited: 0x00007f4358172000
Event: 19.662 Thread 0x00007f4358177800 DEOPT PACKING pc=0x00007f43492d198d sp=0x00007f4348484d10
Event: 19.662 Thread 0x00007f4358177800 DEOPT UNPACKING pc=0x00007f4349047233 sp=0x00007f4348484aa0 mode 0
Event: 19.763 Thread 0x00007f4358179000 Thread exited: 0x00007f4358179000
Event: 19.896 Thread 0x00007f4358177800 DEOPT PACKING pc=0x00007f434943f942 sp=0x00007f4348484a90
Event: 19.896 Thread 0x00007f4358177800 DEOPT UNPACKING pc=0x00007f4349047233 sp=0x00007f43484847e0 mode 0
Event: 20.250 Executing VM operation: ParallelGCFailedAllocation


Dynamic libraries:
00400000-00401000 r-xp 00000000 08:02 1841977                            /usr/java/jdk1.8.0_91/bin/java
00600000-00601000 rw-p 00000000 08:02 1841977                            /usr/java/jdk1.8.0_91/bin/java
01d60000-01d81000 rw-p 00000000 00:00 0                                  [heap]
c0000000-c2800000 rw-p 00000000 00:00 0 
c2800000-eab00000 ---p 00000000 00:00 0 
eab00000-f3f00000 rw-p 00000000 00:00 0 
fc500000-100000000 ---p 00000000 00:00 0 
100000000-1000c0000 rw-p 00000000 00:00 0 
1000c0000-140000000 ---p 00000000 00:00 0 
7f42f0000000-7f42f0025000 rw-p 00000000 00:00 0 
7f42f0025000-7f42f4000000 ---p 00000000 00:00 0 
7f42f8000000-7f42f8021000 rw-p 00000000 00:00 0 
7f42f8021000-7f42fc000000 ---p 00000000 00:00 0 
7f42fc000000-7f42fc021000 rw-p 00000000 00:00 0 
7f42fc021000-7f4300000000 ---p 00000000 00:00 0 
7f4300000000-7f430002f000 rw-p 00000000 00:00 0 
7f430002f000-7f4304000000 ---p 00000000 00:00 0 
7f4304000000-7f4304021000 rw-p 00000000 00:00 0 
7f4304021000-7f4308000000 ---p 00000000 00:00 0 
7f4308000000-7f4308980000 rw-p 00000000 00:00 0 
7f4308980000-7f430c000000 ---p 00000000 00:00 0 
7f430c000000-7f430c021000 rw-p 00000000 00:00 0 
7f430c021000-7f4310000000 ---p 00000000 00:00 0 
7f4310000000-7f43107f9000 rw-p 00000000 00:00 0 
7f43107f9000-7f4314000000 ---p 00000000 00:00 0 
7f4314000000-7f4314021000 rw-p 00000000 00:00 0 
7f4314021000-7f4318000000 ---p 00000000 00:00 0 
7f4318000000-7f4318021000 rw-p 00000000 00:00 0 
7f4318021000-7f431c000000 ---p 00000000 00:00 0 
7f431c000000-7f431c99d000 rw-p 00000000 00:00 0 
7f431c99d000-7f4320000000 ---p 00000000 00:00 0 
7f4320000000-7f4320021000 rw-p 00000000 00:00 0 
7f4320021000-7f4324000000 ---p 00000000 00:00 0 
7f4324000000-7f4324021000 rw-p 00000000 00:00 0 
7f4324021000-7f4328000000 ---p 00000000 00:00 0 
7f4328000000-7f4328021000 rw-p 00000000 00:00 0 
7f4328021000-7f432c000000 ---p 00000000 00:00 0 
7f432c000000-7f432c28b000 rw-p 00000000 00:00 0 
7f432c28b000-7f4330000000 ---p 00000000 00:00 0 
7f4330000000-7f4330021000 rw-p 00000000 00:00 0 
7f4330021000-7f4334000000 ---p 00000000 00:00 0 
7f4338000000-7f4338021000 rw-p 00000000 00:00 0 
7f4338021000-7f433c000000 ---p 00000000 00:00 0 
7f433f000000-7f4341000000 rw-p 00000000 00:00 0 
7f4344000000-7f4344021000 rw-p 00000000 00:00 0 
7f4344021000-7f4348000000 ---p 00000000 00:00 0 
7f4348285000-7f4348288000 ---p 00000000 00:00 0 
7f4348288000-7f4348386000 rw-p 00000000 00:00 0 
7f4348386000-7f4348389000 ---p 00000000 00:00 0 
7f4348389000-7f4348487000 rw-p 00000000 00:00 0                          [stack:9202]
7f4348487000-7f434848a000 ---p 00000000 00:00 0 
7f434848a000-7f4348588000 rw-p 00000000 00:00 0 
7f4348588000-7f434858b000 ---p 00000000 00:00 0 
7f434858b000-7f4348689000 rw-p 00000000 00:00 0                          [stack:9200]
7f4348689000-7f434868c000 ---p 00000000 00:00 0 
7f434868c000-7f434878a000 rw-p 00000000 00:00 0 
7f434878a000-7f434878b000 ---p 00000000 00:00 0 
7f434878b000-7f434888b000 rw-p 00000000 00:00 0                          [stack:9186]
7f434888b000-7f434888e000 ---p 00000000 00:00 0 
7f434888e000-7f434898c000 rw-p 00000000 00:00 0                          [stack:9185]
7f434898c000-7f434898f000 ---p 00000000 00:00 0 
7f434898f000-7f4348a8d000 rw-p 00000000 00:00 0                          [stack:9183]
7f4348a8d000-7f4348a90000 ---p 00000000 00:00 0 
7f4348a90000-7f4348b8e000 rw-p 00000000 00:00 0                          [stack:9182]
7f4348b8e000-7f4348b91000 ---p 00000000 00:00 0 
7f4348b91000-7f4348c8f000 rw-p 00000000 00:00 0                          [stack:9177]
7f4348c8f000-7f4348c92000 ---p 00000000 00:00 0 
7f4348c92000-7f4348d90000 rw-p 00000000 00:00 0                          [stack:9163]
7f4348d90000-7f4348dcf000 r--p 00000000 08:02 3145973                    /usr/lib/locale/en_GB.utf8/LC_CTYPE
7f4348dcf000-7f4348eff000 r--p 00000000 08:02 3141182                    /usr/lib/locale/en_GB.utf8/LC_COLLATE
7f4348eff000-7f4348f02000 ---p 00000000 00:00 0 
7f4348f02000-7f4349000000 rw-p 00000000 00:00 0                          [stack:9159]
7f4349000000-7f4349730000 rwxp 00000000 00:00 0 
7f4349730000-7f4358000000 ---p 00000000 00:00 0 
7f4358000000-7f43583ad000 rw-p 00000000 00:00 0 
7f43583ad000-7f435c000000 ---p 00000000 00:00 0 
7f435c00e000-7f435c011000 ---p 00000000 00:00 0 
7f435c011000-7f435c10f000 rw-p 00000000 00:00 0                          [stack:9155]
7f435c10f000-7f435c110000 ---p 00000000 00:00 0 
7f435c110000-7f435d213000 rw-p 00000000 00:00 0                          [stack:9154]
7f435d213000-7f435d3eb000 r--s 03cd8000 08:02 1842180                    /usr/java/jdk1.8.0_91/jre/lib/rt.jar
7f435d3eb000-7f435dae1000 rw-p 00000000 00:00 0 
7f435dae1000-7f435dc61000 ---p 00000000 00:00 0 
7f435dc61000-7f435de61000 rw-p 00000000 00:00 0 
7f435de61000-7f435de62000 ---p 00000000 00:00 0 
7f435de62000-7f435df62000 rw-p 00000000 00:00 0                          [stack:9148]
7f435df62000-7f435df63000 ---p 00000000 00:00 0 
7f435df63000-7f435e063000 rw-p 00000000 00:00 0                          [stack:9140]
7f435e063000-7f435e064000 ---p 00000000 00:00 0 
7f435e064000-7f435e164000 rw-p 00000000 00:00 0                          [stack:9138]
7f435e164000-7f435e165000 ---p 00000000 00:00 0 
7f435e165000-7f435e279000 rw-p 00000000 00:00 0                          [stack:9136]
7f435e279000-7f435e3bb000 ---p 00000000 00:00 0 
7f435e3bb000-7f435e3cf000 rw-p 00000000 00:00 0 
7f435e3cf000-7f435e510000 ---p 00000000 00:00 0 
7f435e510000-7f435e55b000 rw-p 00000000 00:00 0 
7f435e55b000-7f435e5bb000 ---p 00000000 00:00 0 
7f435e5bb000-7f435e5d9000 rw-p 00000000 00:00 0 
7f435e5d9000-7f435e97c000 ---p 00000000 00:00 0 
7f435e97c000-7f435e996000 r-xp 00000000 08:02 1842162                    /usr/java/jdk1.8.0_91/jre/lib/amd64/libzip.so
7f435e996000-7f435eb96000 ---p 0001a000 08:02 1842162                    /usr/java/jdk1.8.0_91/jre/lib/amd64/libzip.so
7f435eb96000-7f435eb97000 rw-p 0001a000 08:02 1842162                    /usr/java/jdk1.8.0_91/jre/lib/amd64/libzip.so
7f435eb97000-7f435ebc1000 r-xp 00000000 08:02 1842126                    /usr/java/jdk1.8.0_91/jre/lib/amd64/libjava.so
7f435ebc1000-7f435edc1000 ---p 0002a000 08:02 1842126                    /usr/java/jdk1.8.0_91/jre/lib/amd64/libjava.so
7f435edc1000-7f435edc3000 rw-p 0002a000 08:02 1842126                    /usr/java/jdk1.8.0_91/jre/lib/amd64/libjava.so
7f435edc3000-7f435edd0000 r-xp 00000000 08:02 1842161                    /usr/java/jdk1.8.0_91/jre/lib/amd64/libverify.so
7f435edd0000-7f435efd0000 ---p 0000d000 08:02 1842161                    /usr/java/jdk1.8.0_91/jre/lib/amd64/libverify.so
7f435efd0000-7f435efd2000 rw-p 0000d000 08:02 1842161                    /usr/java/jdk1.8.0_91/jre/lib/amd64/libverify.so
7f435efd2000-7f435efd9000 r-xp 00000000 08:02 1569978                    /lib64/librt-2.19.so
7f435efd9000-7f435f1d8000 ---p 00007000 08:02 1569978                    /lib64/librt-2.19.so
7f435f1d8000-7f435f1d9000 r--p 00006000 08:02 1569978                    /lib64/librt-2.19.so
7f435f1d9000-7f435f1da000 rw-p 00007000 08:02 1569978                    /lib64/librt-2.19.so
7f435f1da000-7f435f2da000 r-xp 00000000 08:02 1569972                    /lib64/libm-2.19.so
7f435f2da000-7f435f4d9000 ---p 00100000 08:02 1569972                    /lib64/libm-2.19.so
7f435f4d9000-7f435f4da000 r--p 000ff000 08:02 1569972                    /lib64/libm-2.19.so
7f435f4da000-7f435f4db000 rw-p 00100000 08:02 1569972                    /lib64/libm-2.19.so
7f435f4db000-7f436019b000 r-xp 00000000 08:02 1842166                    /usr/java/jdk1.8.0_91/jre/lib/amd64/server/libjvm.so
7f436019b000-7f436039b000 ---p 00cc0000 08:02 1842166                    /usr/java/jdk1.8.0_91/jre/lib/amd64/server/libjvm.so
7f436039b000-7f4360473000 rw-p 00cc0000 08:02 1842166                    /usr/java/jdk1.8.0_91/jre/lib/amd64/server/libjvm.so
7f4360473000-7f43604be000 rw-p 00000000 00:00 0 
7f43604be000-7f436065c000 r-xp 00000000 08:02 1569980                    /lib64/libc-2.19.so
7f436065c000-7f436085c000 ---p 0019e000 08:02 1569980                    /lib64/libc-2.19.so
7f436085c000-7f4360860000 r--p 0019e000 08:02 1569980                    /lib64/libc-2.19.so
7f4360860000-7f4360862000 rw-p 001a2000 08:02 1569980                    /lib64/libc-2.19.so
7f4360862000-7f4360866000 rw-p 00000000 00:00 0 
7f4360866000-7f4360869000 r-xp 00000000 08:02 1569940                    /lib64/libdl-2.19.so
7f4360869000-7f4360a68000 ---p 00003000 08:02 1569940                    /lib64/libdl-2.19.so
7f4360a68000-7f4360a69000 r--p 00002000 08:02 1569940                    /lib64/libdl-2.19.so
7f4360a69000-7f4360a6a000 rw-p 00003000 08:02 1569940                    /lib64/libdl-2.19.so
7f4360a6a000-7f4360a7f000 r-xp 00000000 08:02 1842433                    /usr/java/jdk1.8.0_91/lib/amd64/jli/libjli.so
7f4360a7f000-7f4360c7f000 ---p 00015000 08:02 1842433                    /usr/java/jdk1.8.0_91/lib/amd64/jli/libjli.so
7f4360c7f000-7f4360c80000 rw-p 00015000 08:02 1842433                    /usr/java/jdk1.8.0_91/lib/amd64/jli/libjli.so
7f4360c80000-7f4360c98000 r-xp 00000000 08:02 1569982                    /lib64/libpthread-2.19.so
7f4360c98000-7f4360e97000 ---p 00018000 08:02 1569982                    /lib64/libpthread-2.19.so
7f4360e97000-7f4360e98000 r--p 00017000 08:02 1569982                    /lib64/libpthread-2.19.so
7f4360e98000-7f4360e99000 rw-p 00018000 08:02 1569982                    /lib64/libpthread-2.19.so
7f4360e99000-7f4360e9d000 rw-p 00000000 00:00 0 
7f4360e9d000-7f4360ebe000 r-xp 00000000 08:02 1570000                    /lib64/ld-2.19.so
7f4360ebf000-7f4360ec0000 rw-p 00000000 00:00 0 
7f4360ec0000-7f4360ec1000 r--p 00000000 08:02 2105988                    /usr/share/locale/en_GB/LC_MESSAGES/libc.mo
7f4360ec1000-7f4360ed0000 r--s 000df000 08:02 1062088                    /home/len/Android/Sdk/build-tools/23.0.3/lib/dx.jar
7f4360ed0000-7f4360ed1000 r--p 00000000 08:02 3141201                    /usr/lib/locale/en_GB.utf8/LC_NUMERIC
7f4360ed1000-7f4360f54000 rw-p 00000000 00:00 0 
7f4360f54000-7f4360f89000 r--s 00000000 00:13 15714                      /run/nscd/passwd
7f4360f89000-7f4360f8c000 ---p 00000000 00:00 0 
7f4360f8c000-7f436108e000 rw-p 00000000 00:00 0                          [stack:9132]
7f436108e000-7f436108f000 r--p 00000000 08:02 2895607                    /usr/lib/locale/en_GB.utf8/LC_TIME
7f436108f000-7f4361090000 r--p 00000000 08:02 3141281                    /usr/lib/locale/en_GB.utf8/LC_MONETARY
7f4361090000-7f4361091000 r--p 00000000 08:02 3141210                    /usr/lib/locale/en_GB.utf8/LC_MESSAGES/SYS_LC_MESSAGES
7f4361091000-7f4361092000 r--p 00000000 08:02 3141187                    /usr/lib/locale/en_GB.utf8/LC_PAPER
7f4361092000-7f4361093000 r--p 00000000 08:02 3145980                    /usr/lib/locale/en_GB.utf8/LC_NAME
7f4361093000-7f4361094000 r--p 00000000 08:02 2618545                    /usr/lib/locale/en_GB.utf8/LC_ADDRESS
7f4361094000-7f4361095000 r--p 00000000 08:02 3030935                    /usr/lib/locale/en_GB.utf8/LC_TELEPHONE
7f4361095000-7f4361096000 r--p 00000000 08:02 3145974                    /usr/lib/locale/en_GB.utf8/LC_MEASUREMENT
7f4361096000-7f436109d000 r--s 00000000 08:02 1974448                    /usr/lib64/gconv/gconv-modules.cache
7f436109d000-7f436109e000 r--p 00000000 08:02 2620604                    /usr/lib/locale/en_GB.utf8/LC_IDENTIFICATION
7f436109e000-7f43610b2000 rw-p 00000000 00:00 0 
7f43610b2000-7f43610ba000 rw-s 00000000 08:02 1178001                    /tmp/hsperfdata_len/9109
7f43610ba000-7f43610bb000 rw-p 00000000 00:00 0 
7f43610bb000-7f43610bc000 ---p 00000000 00:00 0 
7f43610bc000-7f43610bd000 rw-p 00000000 00:00 0 
7f43610bd000-7f43610be000 r--p 00020000 08:02 1570000                    /lib64/ld-2.19.so
7f43610be000-7f43610bf000 rw-p 00021000 08:02 1570000                    /lib64/ld-2.19.so
7f43610bf000-7f43610c0000 rw-p 00000000 00:00 0 
7ffe406fc000-7ffe4071d000 rw-p 00000000 00:00 0                          [stack]
7ffe4073d000-7ffe4073f000 r--p 00000000 00:00 0                          [vvar]
7ffe4073f000-7ffe40741000 r-xp 00000000 00:00 0                          [vdso]
ffffffffff600000-ffffffffff601000 r-xp 00000000 00:00 0                  [vsyscall]

VM Arguments:
jvm_args: -Djava.awt.headless=true -Xmx1024M -Dfile.encoding=UTF-8 -Duser.country=GB -Duser.language=en -Duser.variant 
java_command: com.android.dx.command.Main --dex --num-threads=4 --output /home/len/AndroidStudioProjects/DemosistoNews/app/build/intermediates/pre-dexed/debug/com.android.support-appcompat-v7-23.4.0_6037f027bfb4a80915c5afbd09eddc31df44d007.jar /home/len/AndroidStudioProjects/DemosistoNews/app/build/intermediates/exploded-aar/com.android.support/appcompat-v7/23.4.0/jars/classes.jar
java_class_path (initial): /home/len/Android/Sdk/build-tools/23.0.3/lib/dx.jar
Launcher Type: SUN_STANDARD

Environment Variables:
JAVA_HOME=/usr/java/latest
JRE_HOME=/usr/lib64/jvm/jre
PATH=/usr/local/bin:/usr/bin:/bin:/usr/bin/X11:/usr/games
LD_LIBRARY_PATH=/home/len/Developments/Android-Studio/bin:
SHELL=/bin/bash
DISPLAY=:0
HOSTTYPE=x86_64
OSTYPE=linux
MACHTYPE=x86_64-suse-linux

Signal Handlers:
SIGSEGV: [libjvm.so+0xabca10], sa_mask[0]=11111111011111111101111111111110, sa_flags=SA_RESTART|SA_SIGINFO
SIGBUS: [libjvm.so+0xabca10], sa_mask[0]=11111111011111111101111111111110, sa_flags=SA_RESTART|SA_SIGINFO
SIGFPE: [libjvm.so+0x919a20], sa_mask[0]=11111111011111111101111111111110, sa_flags=SA_RESTART|SA_SIGINFO
SIGPIPE: [libjvm.so+0x919a20], sa_mask[0]=11111111011111111101111111111110, sa_flags=SA_RESTART|SA_SIGINFO
SIGXFSZ: [libjvm.so+0x919a20], sa_mask[0]=11111111011111111101111111111110, sa_flags=SA_RESTART|SA_SIGINFO
SIGILL: [libjvm.so+0x919a20], sa_mask[0]=11111111011111111101111111111110, sa_flags=SA_RESTART|SA_SIGINFO
SIGUSR1: SIG_DFL, sa_mask[0]=00000000000000000000000000000000, sa_flags=none
SIGUSR2: [libjvm.so+0x91b050], sa_mask[0]=00100000000000000000000000000000, sa_flags=SA_RESTART|SA_SIGINFO
SIGHUP: [libjvm.so+0x91c450], sa_mask[0]=11111111011111111101111111111110, sa_flags=SA_RESTART|SA_SIGINFO
SIGINT: [libjvm.so+0x91c450], sa_mask[0]=11111111011111111101111111111110, sa_flags=SA_RESTART|SA_SIGINFO
SIGTERM: [libjvm.so+0x91c450], sa_mask[0]=11111111011111111101111111111110, sa_flags=SA_RESTART|SA_SIGINFO
SIGQUIT: [libjvm.so+0x91c450], sa_mask[0]=11111111011111111101111111111110, sa_flags=SA_RESTART|SA_SIGINFO


---------------  S Y S T E M  ---------------

OS:openSUSE 42.1 (x86_64)
VERSION = 42.1
CODENAME = Malachite
# /etc/SuSE-release is deprecated and will be removed in the future, use /etc/os-release instead

uname:Linux 4.1.20-11-default #1 SMP PREEMPT Fri Mar 18 14:42:07 UTC 2016 (0a392b2) x86_64
libc:glibc 2.19 NPTL 2.19 
rlimit: STACK 8192k, CORE 0k, NPROC 14349, NOFILE 4096, AS infinity
load average:10.10 3.99 2.60

/proc/meminfo:
MemTotal:        3927268 kB
MemFree:           29884 kB
MemAvailable:     135220 kB
Buffers:            3364 kB
Cached:           292200 kB
SwapCached:            0 kB
Active:          3505072 kB
Inactive:         234464 kB
Active(anon):    3454720 kB
Inactive(anon):   185904 kB
Active(file):      50352 kB
Inactive(file):    48560 kB
Unevictable:          32 kB
Mlocked:              32 kB
SwapTotal:             0 kB
SwapFree:              0 kB
Dirty:                32 kB
Writeback:             0 kB
AnonPages:       3444368 kB
Mapped:            83872 kB
Shmem:            196304 kB
Slab:              77280 kB
SReclaimable:      35692 kB
SUnreclaim:        41588 kB
KernelStack:        7904 kB
PageTables:        32896 kB
NFS_Unstable:          0 kB
Bounce:                0 kB
WritebackTmp:          0 kB
CommitLimit:     1963632 kB
Committed_AS:    5623844 kB
VmallocTotal:   34359738367 kB
VmallocUsed:      548144 kB
VmallocChunk:   34358423548 kB
HardwareCorrupted:     0 kB
AnonHugePages:   1312768 kB
HugePages_Total:       0
HugePages_Free:        0
HugePages_Rsvd:        0
HugePages_Surp:        0
Hugepagesize:       2048 kB
DirectMap4k:      142264 kB
DirectMap2M:     3932160 kB


CPU:total 4 (4 cores per cpu, 1 threads per core) family 6 model 55 stepping 8, cmov, cx8, fxsr, mmx, sse, sse2, sse3, ssse3, sse4.1, sse4.2, popcnt, clmul, erms, 3dnowpref, tsc, tscinvbit

/proc/cpuinfo:
processor	: 0
vendor_id	: GenuineIntel
cpu family	: 6
model		: 55
model name	: Intel(R) Pentium(R) CPU  N3540  @ 2.16GHz
stepping	: 8
microcode	: 0x815
cpu MHz		: 2665.541
cache size	: 1024 KB
physical id	: 0
siblings	: 4
core id		: 0
cpu cores	: 4
apicid		: 0
initial apicid	: 0
fpu		: yes
fpu_exception	: yes
cpuid level	: 11
wp		: yes
flags		: fpu vme de pse tsc msr pae mce cx8 apic sep mtrr pge mca cmov pat pse36 clflush dts acpi mmx fxsr sse sse2 ss ht tm pbe syscall nx rdtscp lm constant_tsc arch_perfmon pebs bts rep_good nopl xtopology nonstop_tsc aperfmperf pni pclmulqdq dtes64 monitor ds_cpl vmx est tm2 ssse3 cx16 xtpr pdcm sse4_1 sse4_2 movbe popcnt tsc_deadline_timer rdrand lahf_lm 3dnowprefetch ida arat epb dtherm tpr_shadow vnmi flexpriority ept vpid tsc_adjust smep erms
bugs		:
bogomips	: 4326.40
clflush size	: 64
cache_alignment	: 64
address sizes	: 36 bits physical, 48 bits virtual
power management:

processor	: 1
vendor_id	: GenuineIntel
cpu family	: 6
model		: 55
model name	: Intel(R) Pentium(R) CPU  N3540  @ 2.16GHz
stepping	: 8
microcode	: 0x815
cpu MHz		: 2665.541
cache size	: 1024 KB
physical id	: 0
siblings	: 4
core id		: 1
cpu cores	: 4
apicid		: 2
initial apicid	: 2
fpu		: yes
fpu_exception	: yes
cpuid level	: 11
wp		: yes
flags		: fpu vme de pse tsc msr pae mce cx8 apic sep mtrr pge mca cmov pat pse36 clflush dts acpi mmx fxsr sse sse2 ss ht tm pbe syscall nx rdtscp lm constant_tsc arch_perfmon pebs bts rep_good nopl xtopology nonstop_tsc aperfmperf pni pclmulqdq dtes64 monitor ds_cpl vmx est tm2 ssse3 cx16 xtpr pdcm sse4_1 sse4_2 movbe popcnt tsc_deadline_timer rdrand lahf_lm 3dnowprefetch ida arat epb dtherm tpr_shadow vnmi flexpriority ept vpid tsc_adjust smep erms
bugs		:
bogomips	: 4326.40
clflush size	: 64
cache_alignment	: 64
address sizes	: 36 bits physical, 48 bits virtual
power management:

processor	: 2
vendor_id	: GenuineIntel
cpu family	: 6
model		: 55
model name	: Intel(R) Pentium(R) CPU  N3540  @ 2.16GHz
stepping	: 8
microcode	: 0x815
cpu MHz		: 2665.541
cache size	: 1024 KB
physical id	: 0
siblings	: 4
core id		: 2
cpu cores	: 4
apicid		: 4
initial apicid	: 4
fpu		: yes
fpu_exception	: yes
cpuid level	: 11
wp		: yes
flags		: fpu vme de pse tsc msr pae mce cx8 apic sep mtrr pge mca cmov pat pse36 clflush dts acpi mmx fxsr sse sse2 ss ht tm pbe syscall nx rdtscp lm constant_tsc arch_perfmon pebs bts rep_good nopl xtopology nonstop_tsc aperfmperf pni pclmulqdq dtes64 monitor ds_cpl vmx est tm2 ssse3 cx16 xtpr pdcm sse4_1 sse4_2 movbe popcnt tsc_deadline_timer rdrand lahf_lm 3dnowprefetch ida arat epb dtherm tpr_shadow vnmi flexpriority ept vpid tsc_adjust smep erms
bugs		:
bogomips	: 4326.40
clflush size	: 64
cache_alignment	: 64
address sizes	: 36 bits physical, 48 bits virtual
power management:

processor	: 3
vendor_id	: GenuineIntel
cpu family	: 6
model		: 55
model name	: Intel(R) Pentium(R) CPU  N3540  @ 2.16GHz
stepping	: 8
microcode	: 0x815
cpu MHz		: 2665.541
cache size	: 1024 KB
physical id	: 0
siblings	: 4
core id		: 3
cpu cores	: 4
apicid		: 6
initial apicid	: 6
fpu		: yes
fpu_exception	: yes
cpuid level	: 11
wp		: yes
flags		: fpu vme de pse tsc msr pae mce cx8 apic sep mtrr pge mca cmov pat pse36 clflush dts acpi mmx fxsr sse sse2 ss ht tm pbe syscall nx rdtscp lm constant_tsc arch_perfmon pebs bts rep_good nopl xtopology nonstop_tsc aperfmperf pni pclmulqdq dtes64 monitor ds_cpl vmx est tm2 ssse3 cx16 xtpr pdcm sse4_1 sse4_2 movbe popcnt tsc_deadline_timer rdrand lahf_lm 3dnowprefetch ida arat epb dtherm tpr_shadow vnmi flexpriority ept vpid tsc_adjust smep erms
bugs		:
bogomips	: 4326.40
clflush size	: 64
cache_alignment	: 64
address sizes	: 36 bits physical, 48 bits virtual
power management:



Memory: 4k page, physical 3927268k(29476k free), swap 0k(0k free)

vm_info: Java HotSpot(TM) 64-Bit Server VM (25.91-b14) for linux-amd64 JRE (1.8.0_91-b14), built on Apr  1 2016 00:57:21 by "java_re" with gcc 4.3.0 20080428 (Red Hat 4.3.0-8)

time: Sat May 21 01:00:53 2016
elapsed time: 20 seconds (0d 0h 0m 20s)

